En train de lister…
adduser/stable,now 3.115 all  [installé]
adwaita-icon-theme/stable,now 3.22.0-1+deb9u1 all  [installé, automatique]
alacarte/stable,now 3.11.91-2+rpi5 all  [installé]
alsa-base/stable,now 1.0.27+1 all  [installé, automatique]
alsa-utils/stable,now 1.1.3-1 armhf  [installé]
apache2-bin/stable,now 2.4.25-3+deb9u6 armhf  [installé, automatique]
apache2-data/stable,now 2.4.25-3+deb9u6 all [installé, pouvant être supprimé automatiquement]
apache2-utils/stable,now 2.4.25-3+deb9u6 armhf [installé, pouvant être supprimé automatiquement]
apt/stable,now 1.4.9 armhf  [installé]
apt-listchanges/stable,now 3.10 all  [installé]
apt-transport-https/stable,now 1.4.9 armhf  [installé]
apt-utils/stable,now 1.4.9 armhf  [installé]
aptitude/stable,now 0.8.7-1 armhf  [installé]
aptitude-common/stable,now 0.8.7-1 all  [installé]
aspell/stable,now 0.60.7~20110707-3 armhf  [installé, automatique]
aspell-en/stable,now 2016.11.20-0-0.1 all  [installé, automatique]
avahi-daemon/stable,now 0.6.32-2 armhf  [installé]
base-files/stable,now 9.9+rpi1+deb9u6 armhf  [installé]
base-passwd/stable,now 3.5.43 armhf  [installé]
bash/stable,now 4.4-5 armhf  [installé]
bash-completion/stable,now 1:2.1-4.3 all  [installé]
bind9-host/stable,now 1:9.10.3.dfsg.P4-12.3+deb9u4 armhf  [installé, automatique]
binutils/stable,now 2.28-5 armhf  [installé, automatique]
blends-tasks/stable,now 0.6.96 all  [installé]
blt/stable,now 2.5.3+dfsg-3 armhf  [installé, automatique]
bluealsa/stable,now 0.9 armhf  [installé, automatique]
bluez/stable,now 5.43-2+rpt2+deb9u2 armhf  [installé, automatique]
bluez-firmware/now 1.2-3+rpt6 all [installed,upgradable to: 1.2-3+rpt7]
bsdmainutils/stable,now 9.0.12+nmu1 armhf  [installé]
bsdutils/stable,now 1:2.29.2-1+deb9u1 armhf  [installé]
build-essential/stable,now 12.3 armhf  [installé]
bzip2/stable,now 1.0.6-8.1 armhf  [installé, automatique]
ca-certificates/stable,now 20161130+nmu1+deb9u1 all  [installé]
chromium-browser/stable,now 65.0.3325.181-0+rpt4 armhf  [installé]
chromium-browser-l10n/stable,now 65.0.3325.181-0+rpt4 all  [installé, automatique]
chromium-codecs-ffmpeg-extra/stable,now 65.0.3325.181-0+rpt4 armhf  [installé, automatique]
cifs-utils/stable,now 2:6.7-1 armhf  [installé]
coffeescript/stable,now 1.10.0~dfsg-1 all  [installé, automatique]
console-setup/stable,now 1.164 all  [installé]
console-setup-linux/stable,now 1.164 all  [installé, automatique]
coreutils/stable,now 8.26-3 armhf  [installé]
cowsay/stable,now 3.03+dfsg2-3 all  [installé]
cowsay-off/stable,now 3.03+dfsg2-3 all  [installé, automatique]
cpio/stable,now 2.11+dfsg-6 armhf  [installé]
cpp/stable,now 4:6.3.0-4 armhf  [installé, automatique]
cpp-6/stable,now 6.3.0-18+rpi1+deb9u1 armhf  [installé, automatique]
crda/stable,now 3.18-1 armhf  [installé]
cron/stable,now 3.0pl1-128+deb9u1 armhf  [installé]
curl/stable,now 7.52.1-5+deb9u8 armhf  [installé]
dash/stable,now 0.5.8-2.4 armhf  [installé]
dbus/stable,now 1.10.26-0+deb9u1 armhf  [installé, automatique]
dbus-user-session/stable,now 1.10.26-0+deb9u1 all  [installé, automatique]
dbus-x11/stable,now 1.10.26-0+deb9u1 armhf  [installé, automatique]
dc/stable,now 1.06.95-9 armhf  [installé, automatique]
dconf-gsettings-backend/stable,now 0.26.0-2 armhf  [installé, automatique]
dconf-service/stable,now 0.26.0-2 armhf  [installé, automatique]
debconf/stable,now 1.5.61 all  [installé]
debconf-i18n/stable,now 1.5.61 all  [installé]
debconf-utils/stable,now 1.5.61 all  [installé]
debian-reference-common/stable,now 2.68 all  [installé, automatique]
debian-reference-en/stable,now 2.68 all  [installé]
debianutils/stable,now 4.8.1.1 armhf  [installé]
desktop-base/stable,now 9.0.2+deb9u1 all  [installé]
desktop-file-utils/stable,now 0.23-1 armhf  [installé, automatique]
device-tree-compiler/stable,now 1.4.4-1 armhf  [installé, automatique]
dh-python/stable,now 2.20170125 all  [installé, automatique]
dhcpcd5/stable,now 1:6.11.5-1+rpt7 armhf  [installé]
dictionaries-common/stable,now 1.27.2 all  [installé, automatique]
diffutils/stable,now 1:3.5-3 armhf  [installé]
dillo/stable,now 3.0.5-3 armhf  [installé]
distro-info-data/stable,now 0.36 all  [installé, automatique]
dmidecode/stable,now 3.0-4 armhf  [installé]
dmsetup/stable,now 2:1.02.137-2 armhf  [installé]
dns-root-data/stable,now 2017072601~deb9u1 all  [installé, automatique]
dnsmasq/stable,now 2.76-5+rpt1+deb9u1 all  [installé]
dnsmasq-base/stable,now 2.76-5+rpt1+deb9u1 armhf  [installé, automatique]
dosfstools/stable,now 4.1-1 armhf  [installé]
dphys-swapfile/stable,now 20100506-3 all  [installé]
dpkg/stable,now 1.18.25 armhf  [installé]
dpkg-dev/stable,now 1.18.25 all  [installé, automatique]
e2fslibs/stable,now 1.43.4-2 armhf  [installé]
e2fsprogs/stable,now 1.43.4-2 armhf  [installé]
ed/stable,now 1.10-2.1 armhf  [installé]
emacsen-common/stable,now 2.0.8 all  [installé, automatique]
epiphany-browser/stable,now 1:3.8.2.0-0rpi28 armhf  [installé]
epiphany-browser-data/stable,now 1:3.8.2.0-0rpi28 all  [installé, automatique]
esound-common/stable,now 0.2.41-11 all  [installé, automatique]
fake-hwclock/stable,now 0.11+rpt1 all  [installé]
fakeroot/stable,now 1.21-3.1 armhf  [installé, automatique]
fbset/stable,now 2.1-29 armhf  [installé]
ffmpeg/stable,now 7:3.2.12-1~deb9u1+rpt1 armhf  [installé, automatique]
file/stable,now 1:5.30-1+deb9u2 armhf  [installé, automatique]
findutils/stable,now 4.6.0+git+20161106-2 armhf  [installé]
firmware-atheros/stable,now 1:20161130-3+rpt4 all  [installé]
firmware-brcm80211/stable,now 1:20161130-3+rpt4 all  [installé]
firmware-libertas/stable,now 1:20161130-3+rpt4 all  [installé]
firmware-misc-nonfree/stable,now 1:20161130-3+rpt4 all  [installé]
firmware-realtek/stable,now 1:20161130-3+rpt4 all  [installé]
fontconfig/stable,now 2.11.0-6.7 armhf  [installé, automatique]
fontconfig-config/stable,now 2.11.0-6.7 all  [installé, automatique]
fontconfig-infinality/stable,now 20130104-0ubuntu0ppa1+rpi1 all  [installé, automatique]
fonts-dejavu-core/stable,now 2.37-1 all  [installé, automatique]
fonts-droid-fallback/stable,now 1:6.0.1r16-1.1 all  [installé]
fonts-freefont-ttf/stable,now 20120503-6 all  [installé, automatique]
fonts-liberation2/stable,now 2.00.1-3 all  [installé]
fonts-noto-mono/stable,now 20161116-1 all  [installé, automatique]
fonts-piboto/stable,now 1.2 all  [installé, automatique]
freepats/stable,now 20060219-1 all  [installé, automatique]
fuse/stable,now 2.9.7-1+deb9u2 armhf  [installé, automatique]
g++/stable,now 4:6.3.0-4 armhf  [installé, automatique]
g++-6/stable,now 6.3.0-18+rpi1+deb9u1 armhf  [installé, automatique]
galculator/stable,now 2.1.4-1 armhf  [installé, automatique]
gcc/stable,now 4:6.3.0-4 armhf  [installé, automatique]
gcc-4.6-base/stable,now 4.6.4-5+rpi1 armhf  [installé]
gcc-4.7-base/stable,now 4.7.3-11+rpi1 armhf  [installé]
gcc-4.8-base/stable,now 4.8.5-4 armhf  [installé]
gcc-4.9-base/stable,now 4.9.3-14 armhf  [installé]
gcc-5-base/stable,now 5.4.1-4 armhf  [installé]
gcc-6/stable,now 6.3.0-18+rpi1+deb9u1 armhf  [installé, automatique]
gcc-6-base/stable,now 6.3.0-18+rpi1+deb9u1 armhf  [installé]
gconf-service/stable,now 3.2.6-4 armhf  [installé, automatique]
gconf2/stable,now 3.2.6-4 armhf  [installé, automatique]
gconf2-common/stable,now 3.2.6-4 all  [installé, automatique]
gdb/stable,now 7.12-6 armhf  [installé]
geany/stable,now 1.29-1+rpt2 armhf  [installé]
geany-common/stable,now 1.29-1+rpt2 all  [installé, automatique]
geoip-database/stable,now 20170512-1 all  [installé, automatique]
gettext-base/stable,now 0.19.8.1-2 armhf  [installé, automatique]
giblib1/stable,now 1.2.4-11 armhf  [installé, automatique]
gir1.2-atk-1.0/stable,now 2.22.0-1 armhf  [installé, automatique]
gir1.2-freedesktop/stable,now 1.50.0-1 armhf  [installé, automatique]
gir1.2-gdkpixbuf-2.0/stable,now 2.36.5-2+deb9u2 armhf  [installé, automatique]
gir1.2-glib-2.0/stable,now 1.50.0-1 armhf  [installé, automatique]
gir1.2-gmenu-3.0/stable,now 3.13.3-9 armhf  [installé, automatique]
gir1.2-gtk-3.0/stable,now 3.22.11-1+rpi3 armhf  [installé, automatique]
gir1.2-pango-1.0/stable,now 1.40.5-1 armhf  [installé, automatique]
git/stable,now 1:2.11.0-3+deb9u4 armhf  [installé]
git-man/stable,now 1:2.11.0-3+deb9u4 all  [installé, automatique]
gksu/stable,now 2.0.2-9 armhf  [installé]
gldriver-test/stable,now 0.1 armhf  [installé]
glib-networking/stable,now 2.50.0-1 armhf  [installé, automatique]
glib-networking-common/stable,now 2.50.0-1 all  [installé, automatique]
glib-networking-services/stable,now 2.50.0-1 armhf  [installé, automatique]
gnome-desktop3-data/stable,now 3.22.2-1 all  [installé, automatique]
gnome-icon-theme/stable,now 3.12.0-2 all  [installé]
gnome-menus/stable,now 3.13.3-9 armhf  [installé, automatique]
gnome-themes-standard/stable,now 3.22.2-2 armhf  [installé, automatique]
gnome-themes-standard-data/stable,now 3.22.2-2 all  [installé]
gnupg/stable,now 2.1.18-8~deb9u3 armhf  [installé]
gnupg-agent/stable,now 2.1.18-8~deb9u3 armhf  [installé]
gpgv/stable,now 2.1.18-8~deb9u3 armhf  [installé]
gpicview/stable,now 0.2.5-2 armhf  [installé, automatique]
grep/stable,now 2.27-2 armhf  [installé]
groff-base/stable,now 1.22.3-9 armhf  [installé]
grunt/stable,now 1.0.1-5 all  [installé]
gsettings-desktop-schemas/stable,now 3.22.0-1 all  [installé, automatique]
gstreamer0.10-alsa/stable,now 0.10.36-2 armhf  [installé, automatique]
gstreamer0.10-plugins-base/stable,now 0.10.36-2 armhf  [installé, automatique]
gstreamer1.0-alsa/stable,now 1.10.4-1 armhf  [installé]
gstreamer1.0-libav/stable,now 1.10.4-1 armhf  [installé]
gstreamer1.0-omx/stable,now 1.10.4-1+rpt3 armhf  [installé]
gstreamer1.0-omx-rpi/stable,now 1.10.4-1+rpt3 armhf  [installé, automatique]
gstreamer1.0-omx-rpi-config/stable,now 1.10.4-1+rpt3 armhf  [installé, automatique]
gstreamer1.0-plugins-bad/stable,now 1.10.4-1 armhf  [installé]
gstreamer1.0-plugins-base/stable,now 1.10.4-1 armhf  [installé]
gstreamer1.0-plugins-good/stable,now 1.10.4-1 armhf  [installé]
gstreamer1.0-x/stable,now 1.10.4-1 armhf  [installé]
gtk-update-icon-cache/stable,now 3.22.11-1+rpi3 armhf  [installé, automatique]
gtk2-engines/stable,now 1:2.20.2-3 armhf  [installé]
gtk2-engines-clearlookspix/stable,now 1:2.20.7 armhf  [installé, automatique]
gtk2-engines-pixbuf/stable,now 2.24.31-2 armhf  [installé, automatique]
gvfs/stable,now 1.30.4-1 armhf  [installé]
gvfs-backends/stable,now 1.30.4-1 armhf  [installé]
gvfs-common/stable,now 1.30.4-1 all  [installé, automatique]
gvfs-daemons/stable,now 1.30.4-1 armhf  [installé, automatique]
gvfs-fuse/stable,now 1.30.4-1 armhf  [installé]
gvfs-libs/stable,now 1.30.4-1 armhf  [installé, automatique]
gzip/stable,now 1.6-5 armhf  [installé]
hardlink/stable,now 0.3.0 armhf  [installé]
hicolor-icon-theme/stable,now 0.15-1 all  [installé, automatique]
hostapd/stable,now 2:2.4-1+deb9u2 armhf  [installé]
hostname/stable,now 3.18 armhf  [installé]
htop/stable,now 2.0.2-1 armhf  [installé]
httpry/stable,now 0.1.7-3 armhf  [installé]
hunspell-en-gb/stable,now 1:5.2.5-1 all  [installé]
hyphen-en-gb/stable,now 1:5.2.5-1 all  [installé]
i2c-tools/stable,now 3.1.2-3 armhf  [installé, automatique]
idle/stable,now 2.7.13-2 all  [installé]
idle-python2.7/stable,now 2.7.13-2+deb9u3 all  [installé, automatique]
idle-python3.5/stable,now 3.5.3-1+deb9u1 all  [installé, automatique]
idle3/stable,now 3.5.3-1 all  [installé]
ifupdown/stable,now 0.8.19 armhf  [installé]
info/stable,now 6.3.0.dfsg.1-1+b1 armhf  [installé]
init/stable,now 1.48 armhf  [installé]
init-system-helpers/stable,now 1.48 all  [installé]
initramfs-tools/stable,now 0.130 all  [installé]
initramfs-tools-core/stable,now 0.130 all  [installé]
install-info/stable,now 6.3.0.dfsg.1-1+b1 armhf  [installé]
iproute2/stable,now 4.9.0-1+deb9u1 armhf  [installé]
iptables/stable,now 1.6.0+snapshot20161117-6 armhf  [installé]
iptables-persistent/stable,now 1.0.4+nmu2 all  [installé]
iputils-ping/stable,now 3:20161105-1 armhf  [installé]
isc-dhcp-client/stable,now 4.3.5-3+deb9u1 armhf  [installé]
isc-dhcp-common/stable,now 4.3.5-3+deb9u1 armhf  [installé]
iso-codes/stable,now 3.75-1 all  [installé, automatique]
iw/stable,now 4.9-0.1 armhf  [installé, automatique]
java-common/stable,now 0.58 all  [installé]
javascript-common/stable,now 11 all  [installé, automatique]
kbd/stable,now 2.0.3-2 armhf  [installé, automatique]
keyboard-configuration/stable,now 1.164 all  [installé]
keyutils/stable,now 1.5.9-9 armhf  [installé, automatique]
klibc-utils/stable,now 2.0.4-9+rpi1 armhf  [installé]
kmod/stable,now 23-2 armhf  [installé]
laptop-detect/stable,now 0.13.8 armhf  [installé, automatique]
leafpad/stable,now 0.8.18.1-5 armhf  [installé, automatique]
less/stable,now 481-2.1 armhf  [installé]
liba52-0.7.4/stable,now 0.7.4-19 armhf  [installé, automatique]
libaa1/stable,now 1.4p5-44 armhf  [installé, automatique]
libacl1/stable,now 2.2.52-3 armhf  [installé]
libalgorithm-diff-perl/stable,now 1.19.03-1 all  [installé, automatique]
libalgorithm-diff-xs-perl/stable,now 0.04-4+b2 armhf  [installé, automatique]
libalgorithm-merge-perl/stable,now 0.08-3 all  [installé, automatique]
libapache2-mod-php7.0/stable,now 7.0.33-0+deb9u1 armhf  [installé, automatique]
libapparmor1/stable,now 2.11.0-3+deb9u2 armhf  [installé]
libapr1/stable,now 1.5.2-5 armhf  [installé, automatique]
libaprutil1/stable,now 1.5.4-3 armhf  [installé, automatique]
libaprutil1-dbd-sqlite3/stable,now 1.5.4-3 armhf  [installé, automatique]
libaprutil1-ldap/stable,now 1.5.4-3 armhf  [installé, automatique]
libapt-inst2.0/stable,now 1.4.9 armhf  [installé]
libapt-pkg5.0/stable,now 1.4.9 armhf  [installé]
libarchive13/stable,now 3.2.2-2+deb9u1 armhf  [installé, automatique]
libasan3/stable,now 6.3.0-18+rpi1+deb9u1 armhf  [installé, automatique]
libasound2/stable,now 1.1.3-5+rpi3 armhf  [installé, automatique]
libasound2-data/stable,now 1.1.3-5+rpi3 all  [installé, automatique]
libaspell15/stable,now 0.60.7~20110707-3 armhf  [installé, automatique]
libass5/stable,now 1:0.13.4-2 armhf  [installé, automatique]
libassuan0/stable,now 2.4.3-2 armhf  [installé]
libasyncns0/stable,now 0.8-6 armhf  [installé, automatique]
libatasmart4/stable,now 0.19-4 armhf  [installé, automatique]
libatk-bridge2.0-0/stable,now 2.22.0-2 armhf  [installé, automatique]
libatk1.0-0/stable,now 2.22.0-1 armhf  [installé, automatique]
libatk1.0-data/stable,now 2.22.0-1 all  [installé, automatique]
libatomic1/stable,now 6.3.0-18+rpi1+deb9u1 armhf  [installé, automatique]
libatspi2.0-0/stable,now 2.22.0-6+deb9u1 armhf  [installé, automatique]
libattr1/stable,now 1:2.4.47-2 armhf  [installé]
libaudio2/stable,now 1.9.4-5 armhf  [installé, automatique]
libaudiofile1/stable,now 0.3.6-4 armhf  [installé, automatique]
libaudit-common/stable,now 1:2.6.7-2 all  [installé]
libaudit1/stable,now 1:2.6.7-2 armhf  [installé]
libav-tools/stable,now 7:3.2.12-1~deb9u1+rpt1 all  [installé]
libavahi-client3/stable,now 0.6.32-2 armhf  [installé, automatique]
libavahi-common-data/stable,now 0.6.32-2 armhf  [installé, automatique]
libavahi-common3/stable,now 0.6.32-2 armhf  [installé, automatique]
libavahi-core7/stable,now 0.6.32-2 armhf  [installé, automatique]
libavahi-glib1/stable,now 0.6.32-2 armhf  [installé, automatique]
libavahi-gobject0/stable,now 0.6.32-2 armhf  [installé, automatique]
libavc1394-0/stable,now 0.5.4-4 armhf  [installé, automatique]
libavcodec57/stable,now 7:3.2.12-1~deb9u1+rpt1 armhf  [installé, automatique]
libavdevice57/stable,now 7:3.2.12-1~deb9u1+rpt1 armhf  [installé, automatique]
libavfilter6/stable,now 7:3.2.12-1~deb9u1+rpt1 armhf  [installé, automatique]
libavformat57/stable,now 7:3.2.12-1~deb9u1+rpt1 armhf  [installé, automatique]
libavresample3/stable,now 7:3.2.12-1~deb9u1+rpt1 armhf  [installé, automatique]
libavutil55/stable,now 7:3.2.12-1~deb9u1+rpt1 armhf  [installé, automatique]
libbabeltrace-ctf1/stable,now 1.5.1-1 armhf  [installé, automatique]
libbabeltrace1/stable,now 1.5.1-1 armhf  [installé, automatique]
libbasicusageenvironment1/stable,now 2016.11.28-1+deb9u1 armhf  [installé, automatique]
libbind9-140/stable,now 1:9.10.3.dfsg.P4-12.3+deb9u4 armhf  [installé, automatique]
libblas-common/stable,now 3.7.0-2 armhf  [installé, automatique]
libblas3/stable,now 3.7.0-2 armhf  [installé, automatique]
libblkid1/stable,now 2.29.2-1+deb9u1 armhf  [installé]
libbluetooth3/stable,now 5.43-2+rpt2+deb9u2 armhf  [installé, automatique]
libbluray1/stable,now 1:0.9.3-4 armhf  [installé, automatique]
libboost-filesystem1.62.0/stable,now 1.62.0+dfsg-4 armhf  [installé]
libboost-iostreams1.58.0/stable,now 1.58.0+dfsg-5.1+rpi1+b1 armhf  [installé]
libboost-iostreams1.60.0/stable,now 1.60.0+dfsg-6+b2 armhf  [installé]
libboost-iostreams1.62.0/stable,now 1.62.0+dfsg-4 armhf  [installé]
libboost-system1.62.0/stable,now 1.62.0+dfsg-4 armhf  [installé]
libbs2b0/stable,now 3.1.0+dfsg-2.2 armhf  [installé, automatique]
libbsd0/stable,now 0.8.3-1 armhf  [installé]
libbz2-1.0/stable,now 1.0.6-8.1 armhf  [installé]
libc-ares2/stable,now 1.14.0-1~bpo9+1 armhf  [installé, automatique]
libc-bin/stable,now 2.24-11+deb9u3 armhf  [installé]
libc-dev-bin/stable,now 2.24-11+deb9u3 armhf  [installé, automatique]
libc-l10n/stable,now 2.24-11+deb9u3 all  [installé, automatique]
libc6/stable,now 2.24-11+deb9u3 armhf  [installé]
libc6-dbg/stable,now 2.24-11+deb9u3 armhf  [installé, automatique]
libc6-dev/stable,now 2.24-11+deb9u3 armhf  [installé, automatique]
libcaca0/stable,now 0.99.beta19-2 armhf  [installé, automatique]
libcairo-gobject2/stable,now 1.14.8-1+rpi1 armhf  [installé, automatique]
libcairo2/stable,now 1.14.8-1+rpi1 armhf  [installé, automatique]
libcanberra-gtk3-0/stable,now 0.30-3+b2 armhf  [installé, automatique]
libcanberra0/stable,now 0.30-3+b2 armhf  [installé, automatique]
libcap-ng0/stable,now 0.7.7-3 armhf  [installé]
libcap2/stable,now 1:2.25-1 armhf  [installé]
libcap2-bin/stable,now 1:2.25-1 armhf  [installé]
libcc1-0/stable,now 6.3.0-18+rpi1+deb9u1 armhf  [installé, automatique]
libcddb2/stable,now 1.3.2-5 armhf  [installé, automatique]
libcdio-cdda1/stable,now 0.83-4.3 armhf  [installé, automatique]
libcdio-paranoia1/stable,now 0.83-4.3 armhf  [installé, automatique]
libcdio13/stable,now 0.83-4.3 armhf  [installé, automatique]
libcdparanoia0/stable,now 3.10.2+debian-11 armhf  [installé, automatique]
libchromaprint1/stable,now 1.4.2-1 armhf  [installé, automatique]
libcolord2/stable,now 1.3.3-2 armhf  [installé, automatique]
libcomerr2/stable,now 1.43.4-2 armhf  [installé]
libcroco3/stable,now 0.6.11-3 armhf  [installé, automatique]
libcryptsetup4/stable,now 2:1.7.3-4 armhf  [installé]
libcups2/stable,now 2.2.1-8+deb9u2 armhf  [installé, automatique]
libcupsfilters1/stable,now 1.11.6-3+rpi1 armhf  [installé, automatique]
libcupsimage2/stable,now 2.2.1-8+deb9u2 armhf  [installé, automatique]
libcurl3/stable,now 7.52.1-5+deb9u8 armhf  [installé, automatique]
libcurl3-gnutls/stable,now 7.52.1-5+deb9u8 armhf  [installé, automatique]
libcwidget3v5/stable,now 0.5.17-4 armhf  [installé]
libdaemon0/stable,now 0.14-6 armhf  [installé, automatique]
libdatrie1/stable,now 0.2.10-4 armhf  [installé, automatique]
libdb5.3/stable,now 5.3.28-12+deb9u1 armhf  [installé]
libdbus-1-3/stable,now 1.10.26-0+deb9u1 armhf  [installé]
libdbus-glib-1-2/stable,now 0.108-2 armhf  [installé, automatique]
libdc1394-22/stable,now 2.2.5-1 armhf  [installé, automatique]
libdca0/stable,now 0.0.5-10 armhf  [installé, automatique]
libdconf1/stable,now 0.26.0-2 armhf  [installé, automatique]
libde265-0/stable,now 1.0.2-2+rpi1+b4 armhf  [installé, automatique]
libdebconfclient0/stable,now 0.227 armhf  [installé]
libdevmapper1.02.1/stable,now 2:1.02.137-2 armhf  [installé]
libdjvulibre-text/stable,now 3.5.27.1-7 all  [installé, automatique]
libdjvulibre21/stable,now 3.5.27.1-7 armhf  [installé, automatique]
libdns-export162/stable,now 1:9.10.3.dfsg.P4-12.3+deb9u4 armhf  [installé]
libdns162/stable,now 1:9.10.3.dfsg.P4-12.3+deb9u4 armhf  [installé, automatique]
libdouble-conversion1/stable,now 2.0.1-4 armhf  [installé, automatique]
libdpkg-perl/stable,now 1.18.25 all  [installé, automatique]
libdrm-amdgpu1/stable,now 2.4.74-1 armhf  [installé, automatique]
libdrm-freedreno1/stable,now 2.4.74-1 armhf  [installé, automatique]
libdrm-nouveau2/stable,now 2.4.74-1 armhf  [installé, automatique]
libdrm-radeon1/stable,now 2.4.74-1 armhf  [installé, automatique]
libdrm2/stable,now 2.4.74-1 armhf  [installé]
libdv4/stable,now 1.0.0-11 armhf  [installé, automatique]
libdvbpsi10/stable,now 1.3.0-5 armhf  [installé, automatique]
libdvdnav4/stable,now 5.0.3-3 armhf  [installé, automatique]
libdvdread4/stable,now 5.0.3-2 armhf  [installé, automatique]
libdw1/stable,now 0.168-1 armhf  [installé, automatique]
libebml4v5/stable,now 1.3.4-1 armhf  [installé, automatique]
libebur128-1/stable,now 1.2.2-2 armhf  [installé, automatique]
libedit2/stable,now 3.1-20160903-3 armhf  [installé, automatique]
libegl1-mesa/stable,now 13.0.6-1+rpi2 armhf  [installé, automatique]
libelf1/stable,now 0.168-1 armhf  [installé]
libenchant1c2a/stable,now 1.6.0-11+b1 armhf  [installé, automatique]
libepoxy0/stable,now 1.3.1-2 armhf  [installé, automatique]
liberror-perl/stable,now 0.17024-1 all  [installé, automatique]
libesd0/stable,now 0.2.41-11 armhf  [installé, automatique]
libestr0/stable,now 0.1.10-2 armhf  [installé]
libevdev2/stable,now 1.5.6+dfsg-1 armhf  [installé, automatique]
libevent-2.0-5/stable,now 2.0.21-stable-3 armhf  [installé, automatique]
libexif12/stable,now 0.6.21-2 armhf  [installé, automatique]
libexpat1/stable,now 2.2.0-2+deb9u1 armhf  [installé, automatique]
libexpat1-dev/stable,now 2.2.0-2+deb9u1 armhf  [installé, automatique]
libfaad2/stable,now 2.8.0~cvs20161113-1+deb9u1 armhf  [installé, automatique]
libfakeroot/stable,now 1.21-3.1 armhf  [installé, automatique]
libfastjson4/stable,now 0.99.4-1 armhf  [installé]
libfdisk1/stable,now 2.29.2-1+deb9u1 armhf  [installé]
libffi6/stable,now 3.2.1-6 armhf  [installé]
libfftw3-double3/stable,now 3.3.5-3 armhf  [installé, automatique]
libfftw3-single3/stable,now 3.3.5-3 armhf  [installé, automatique]
libfile-fcntllock-perl/stable,now 0.22-3+b2 armhf  [installé, automatique]
libflac8/stable,now 1.3.2-1 armhf  [installé, automatique]
libflite1/stable,now 2.0.0-release-3 armhf  [installé, automatique]
libfltk1.3/stable,now 1.3.4-4 armhf  [installé, automatique]
libfluidsynth1/stable,now 1.1.6-4 armhf  [installé, automatique]
libfm-data/stable,now 1.2.5-1+rpi6 all  [installé, automatique]
libfm-extra4/stable,now 1.2.5-1+rpi6 armhf  [installé, automatique]
libfm-gtk-data/stable,now 1.2.5-1+rpi6 all  [installé, automatique]
libfm-gtk4/stable,now 1.2.5-1+rpi6 armhf  [installé, automatique]
libfm-modules/stable,now 1.2.5-1+rpi6 armhf  [installé, automatique]
libfm4/stable,now 1.2.5-1+rpi6 armhf  [installé, automatique]
libfontconfig1/stable,now 2.11.0-6.7 armhf  [installé, automatique]
libfontenc1/stable,now 1:1.1.3-1 armhf  [installé, automatique]
libfreetype6/stable,now 2.6.3-3.2 armhf  [installé, automatique]
libfreetype6-dev/stable,now 2.6.3-3.2 armhf  [installé]
libfribidi0/stable,now 0.19.7-1 armhf  [installé, automatique]
libfuse2/stable,now 2.9.7-1+deb9u2 armhf  [installé, automatique]
libgbm1/stable,now 13.0.6-1+rpi2 armhf  [installé, automatique]
libgcc-6-dev/stable,now 6.3.0-18+rpi1+deb9u1 armhf  [installé, automatique]
libgcc1/stable,now 1:6.3.0-18+rpi1+deb9u1 armhf  [installé]
libgck-1-0/stable,now 3.20.0-5.1 armhf  [installé, automatique]
libgconf-2-4/stable,now 3.2.6-4 armhf  [installé, automatique]
libgcr-3-common/stable,now 3.20.0-5.1 all  [installé, automatique]
libgcr-base-3-1/stable,now 3.20.0-5.1 armhf  [installé, automatique]
libgcrypt20/stable,now 1.7.6-2+deb9u3 armhf  [installé]
libgcrypt20-dev/stable,now 1.7.6-2+deb9u3 armhf  [installé, automatique]
libgd3/now 2.2.4-2+deb9u2 armhf [installed,upgradable to: 2.2.4-2+deb9u4]
libgdata-common/stable,now 0.17.6-2 all  [installé, automatique]
libgdata22/stable,now 0.17.6-2 armhf  [installé, automatique]
libgdbm3/stable,now 1.8.3-14 armhf  [installé]
libgdk-pixbuf2.0-0/stable,now 2.36.5-2+deb9u2 armhf  [installé, automatique]
libgdk-pixbuf2.0-common/stable,now 2.36.5-2+deb9u2 all  [installé, automatique]
libgeoip1/stable,now 1.6.9-4 armhf  [installé, automatique]
libgfortran3/stable,now 6.3.0-18+rpi1+deb9u1 armhf  [installé, automatique]
libgif7/stable,now 5.1.4-0.4 armhf  [installé, automatique]
libgirepository-1.0-1/stable,now 1.50.0-1 armhf  [installé, automatique]
libgksu2-0/stable,now 2.0.13~pre1-9 armhf  [installé, automatique]
libgl1-mesa-dri/stable,now 13.0.6-1+rpi2 armhf  [installé]
libgl1-mesa-glx/stable,now 13.0.6-1+rpi2 armhf  [installé, automatique]
libglapi-mesa/stable,now 13.0.6-1+rpi2 armhf  [installé, automatique]
libgles1-mesa/stable,now 13.0.6-1+rpi2 armhf  [installé]
libgles2-mesa/stable,now 13.0.6-1+rpi2 armhf  [installé]
libglew2.0/stable,now 2.0.0-3 armhf  [installé, automatique]
libglib2.0-0/stable,now 2.50.3-2 armhf  [installé, automatique]
libglib2.0-bin/stable,now 2.50.3-2 armhf  [installé, automatique]
libglib2.0-data/stable,now 2.50.3-2 all  [installé, automatique]
libglu1-mesa/stable,now 9.0.0-2.1 armhf  [installé, automatique]
libgme0/stable,now 0.6.0-4 armhf  [installé, automatique]
libgmp-dev/stable,now 2:6.1.2+dfsg-1 armhf  [installé, automatique]
libgmp10/stable,now 2:6.1.2+dfsg-1 armhf  [installé]
libgmpxx4ldbl/stable,now 2:6.1.2+dfsg-1 armhf  [installé, automatique]
libgnome-desktop-3-12/stable,now 3.22.2-1 armhf  [installé, automatique]
libgnome-keyring-common/stable,now 3.12.0-1 all  [installé, automatique]
libgnome-keyring0/stable,now 3.12.0-1+b1 armhf  [installé, automatique]
libgnome-menu-3-0/stable,now 3.13.3-9 armhf  [installé, automatique]
libgnutls-dane0/stable,now 3.5.8-5+deb9u4 armhf  [installé, automatique]
libgnutls-openssl27/stable,now 3.5.8-5+deb9u4 armhf  [installé, automatique]
libgnutls28-dev/stable,now 3.5.8-5+deb9u4 armhf  [installé, automatique]
libgnutls30/stable,now 3.5.8-5+deb9u4 armhf  [installé]
libgnutlsxx28/stable,now 3.5.8-5+deb9u4 armhf  [installé, automatique]
libgoa-1.0-0b/stable,now 3.22.5-1 armhf  [installé, automatique]
libgoa-1.0-common/stable,now 3.22.5-1 all  [installé, automatique]
libgomp1/stable,now 6.3.0-18+rpi1+deb9u1 armhf  [installé, automatique]
libgpg-error-dev/stable,now 1.26-2 armhf  [installé, automatique]
libgpg-error0/stable,now 1.26-2 armhf  [installé]
libgphoto2-6/stable,now 2.5.12-1 armhf  [installé, automatique]
libgphoto2-port12/stable,now 2.5.12-1 armhf  [installé, automatique]
libgpm2/stable,now 1.20.4-6.2 armhf  [installé, automatique]
libgraphite2-3/stable,now 1.3.10-1 armhf  [installé, automatique]
libgroupsock8/stable,now 2016.11.28-1+deb9u1 armhf  [installé, automatique]
libgs9/stable,now 9.26a~dfsg-0+deb9u1 armhf  [installé, automatique]
libgs9-common/stable,now 9.26a~dfsg-0+deb9u1 all  [installé, automatique]
libgsm1/stable,now 1.0.13-4 armhf  [installé, automatique]
libgssapi-krb5-2/stable,now 1.15-1+deb9u1 armhf  [installé, automatique]
libgstreamer-plugins-bad1.0-0/stable,now 1.10.4-1 armhf  [installé, automatique]
libgstreamer-plugins-base0.10-0/stable,now 0.10.36-2 armhf  [installé, automatique]
libgstreamer-plugins-base1.0-0/stable,now 1.10.4-1 armhf  [installé, automatique]
libgstreamer0.10-0/stable,now 0.10.36-1.5 armhf  [installé, automatique]
libgstreamer1.0-0/stable,now 1.10.4-1 armhf  [installé, automatique]
libgtk-3-0/stable,now 3.22.11-1+rpi3 armhf  [installé, automatique]
libgtk-3-common/stable,now 3.22.11-1+rpi3 all  [installé, automatique]
libgtk2.0-0/stable,now 2.24.31-2 armhf  [installé, automatique]
libgtk2.0-bin/stable,now 2.24.31-2 armhf  [installé, automatique]
libgtk2.0-common/stable,now 2.24.31-2 all  [installé, automatique]
libgtop-2.0-10/stable,now 2.34.2-1 armhf  [installé, automatique]
libgtop2-common/stable,now 2.34.2-1 all  [installé, automatique]
libgudev-1.0-0/stable,now 230-3 armhf  [installé, automatique]
libharfbuzz-icu0/stable,now 1.4.2-1 armhf  [installé, automatique]
libharfbuzz0b/stable,now 1.4.2-1 armhf  [installé, automatique]
libhogweed4/stable,now 3.3-1 armhf  [installé]
libhttp-parser2.1/stable,now 2.1-2 armhf  [installé, automatique]
libhttp-parser2.8/stable,now 2.8.1-1~bpo9+1 armhf  [installé, automatique]
libhunspell-1.4-0/stable,now 1.4.1-2 armhf  [installé, automatique]
libhyphen0/stable,now 2.8.8-5 armhf  [installé, automatique]
libice6/stable,now 2:1.0.9-2 armhf  [installé, automatique]
libicu57/stable,now 57.1-6+deb9u2 armhf  [installé, automatique]
libid3tag0/stable,now 0.15.1b-12 armhf  [installé, automatique]
libident/stable,now 0.22-3.1 armhf  [installé]
libidn11/stable,now 1.33-1 armhf  [installé]
libidn11-dev/stable,now 1.33-1 armhf  [installé, automatique]
libidn2-0/stable,now 0.16-1+deb9u1 armhf  [installé]
libiec61883-0/stable,now 1.2.0-2 armhf  [installé, automatique]
libijs-0.35/stable,now 0.35-12 armhf  [installé, automatique]
libilmbase12/stable,now 2.2.0-12 armhf  [installé, automatique]
libimlib2/stable,now 1.4.8-1 armhf  [installé, automatique]
libimobiledevice6/stable,now 1.2.0+dfsg-3.1 armhf  [installé, automatique]
libinput-bin/stable,now 1.6.3-1 armhf  [installé, automatique]
libinput10/stable,now 1.6.3-1 armhf  [installé, automatique]
libip4tc0/stable,now 1.6.0+snapshot20161117-6 armhf  [installé]
libip6tc0/stable,now 1.6.0+snapshot20161117-6 armhf  [installé]
libiptc0/stable,now 1.6.0+snapshot20161117-6 armhf  [installé]
libisc-export160/stable,now 1:9.10.3.dfsg.P4-12.3+deb9u4 armhf  [installé]
libisc160/stable,now 1:9.10.3.dfsg.P4-12.3+deb9u4 armhf  [installé, automatique]
libisccc140/stable,now 1:9.10.3.dfsg.P4-12.3+deb9u4 armhf  [installé, automatique]
libisccfg140/stable,now 1:9.10.3.dfsg.P4-12.3+deb9u4 armhf  [installé, automatique]
libisl15/stable,now 0.18-1 armhf  [installé, automatique]
libiw30/stable,now 30~pre9-12 armhf  [installé, automatique]
libjack-jackd2-0/stable,now 1.9.10+20150825git1ed50c92~dfsg-5 armhf  [installé, automatique]
libjavascriptcoregtk-3.0-0/stable,now 2.4.11-3+rpi1 armhf  [installé, automatique]
libjavascriptcoregtk-4.0-18/stable,now 2.18.6-1~deb9u1+rpi1 armhf  [installé, automatique]
libjbig0/stable,now 2.1-3.1 armhf  [installé, automatique]
libjbig2dec0/stable,now 0.13-4.1 armhf  [installé, automatique]
libjim0.76/stable,now 0.76-2 armhf  [installé, automatique]
libjpeg62-turbo/stable,now 1:1.5.1-2 armhf  [installé, automatique]
libjs-dateformat/stable,now 1.0.11-3+deb9u1 all  [installé, automatique]
libjs-inherits/stable,now 2.0.3-1 all  [installé, automatique]
libjs-jquery/stable,now 3.1.1-2 all  [installé, automatique]
libjs-underscore.string/stable,now 3.3.4+dfsg-2 all  [installé, automatique]
libjson-glib-1.0-0/stable,now 1.2.6-1 armhf  [installé, automatique]
libjson-glib-1.0-common/stable,now 1.2.6-1 all  [installé, automatique]
libk5crypto3/stable,now 1.15-1+deb9u1 armhf  [installé, automatique]
libkate1/stable,now 0.4.1-7+b1 armhf  [installé, automatique]
libkeybinder0/stable,now 0.3.1-1 armhf  [installé, automatique]
libkeyutils1/stable,now 1.5.9-9 armhf  [installé, automatique]
libklibc/stable,now 2.0.4-9+rpi1 armhf  [installé]
libkmod2/stable,now 23-2 armhf  [installé]
libkrb5-3/stable,now 1.15-1+deb9u1 armhf  [installé, automatique]
libkrb5support0/stable,now 1.15-1+deb9u1 armhf  [installé, automatique]
libksba8/stable,now 1.3.5-2 armhf  [installé]
liblapack3/stable,now 3.7.0-2 armhf  [installé, automatique]
liblcms2-2/stable,now 2.8-4+deb9u1 armhf  [installé, automatique]
libldap-2.4-2/stable,now 2.4.44+dfsg-5+deb9u1 armhf  [installé, automatique]
libldap-common/stable,now 2.4.44+dfsg-5+deb9u1 all  [installé, automatique]
libldb1/stable,now 2:1.1.27-1 armhf  [installé, automatique]
liblightdm-gobject-1-0/stable,now 1.18.3-1 armhf  [installé, automatique]
liblilv-0-0/stable,now 0.24.2~dfsg0-1 armhf  [installé, automatique]
liblirc-client0/stable,now 0.9.4c-9 armhf  [installé, automatique]
liblivemedia57/stable,now 2016.11.28-1+deb9u1 armhf  [installé, automatique]
libllvm3.9/stable,now 1:3.9.1-9+rpi1 armhf  [installé, automatique]
liblocale-gettext-perl/stable,now 1.07-3+b1 armhf  [installé]
liblogging-stdlog0/stable,now 1.0.5-2 armhf  [installé]
liblognorm5/stable,now 2.0.1-1.1 armhf  [installé]
libltdl7/stable,now 2.4.6-2 armhf  [installé, automatique]
liblua5.2-0/stable,now 5.2.4-1.1 armhf  [installé, automatique]
libluajit-5.1-common/stable,now 2.0.4+dfsg-1 all  [installé, automatique]
liblwres141/stable,now 1:9.10.3.dfsg.P4-12.3+deb9u4 armhf  [installé, automatique]
liblz4-1/stable,now 0.0~r131-2 armhf  [installé]
liblzma5/stable,now 5.2.2-1.2 armhf  [installé]
liblzo2-2/stable,now 2.08-1.2 armhf  [installé, automatique]
libmad0/stable,now 0.15.1b-8+deb9u1 armhf  [installé, automatique]
libmagic-mgc/stable,now 1:5.30-1+deb9u2 armhf  [installé, automatique]
libmagic1/stable,now 1:5.30-1+deb9u2 armhf  [installé, automatique]
libmatroska6v5/stable,now 1.4.5-2 armhf  [installé, automatique]
libmaxminddb0/stable,now 1.2.0-1 armhf [installé, pouvant être supprimé automatiquement]
libmenu-cache-bin/stable,now 1.0.2-3 armhf  [installé, automatique]
libmenu-cache3/stable,now 1.0.2-3 armhf  [installé, automatique]
libmicrodns0/stable,now 0.0.3-3 armhf  [installé, automatique]
libmicrohttpd-dev/stable,now 0.9.51-1 armhf  [installé]
libmicrohttpd12/stable,now 0.9.51-1 armhf  [installé, automatique]
libmikmod3/stable,now 3.3.10-1 armhf  [installé, automatique]
libmjpegutils-2.1-0/stable,now 1:2.1.0+debian-5 armhf  [installé, automatique]
libmms0/stable,now 0.6.4-2 armhf  [installé, automatique]
libmnl-dev/stable,now 1.0.4-2 armhf  [installé]
libmnl0/stable,now 1.0.4-2 armhf  [installé]
libmodplug1/stable,now 1:0.8.8.5-3 armhf  [installé, automatique]
libmount1/stable,now 2.29.2-1+deb9u1 armhf  [installé]
libmp3lame0/stable,now 3.99.5+repack1-9 armhf  [installé, automatique]
libmpc3/stable,now 1.0.3-1 armhf  [installé, automatique]
libmpcdec6/stable,now 2:0.1~r495-1 armhf  [installé, automatique]
libmpdec2/stable,now 2.4.2-1 armhf  [installé, automatique]
libmpeg2-4/stable,now 0.5.1-7 armhf  [installé, automatique]
libmpeg2encpp-2.1-0/stable,now 1:2.1.0+debian-5 armhf  [installé, automatique]
libmpfr4/stable,now 3.1.5-1 armhf  [installé, automatique]
libmpg123-0/stable,now 1.23.8-1 armhf  [installé, automatique]
libmplex2-2.1-0/stable,now 1:2.1.0+debian-5 armhf  [installé, automatique]
libmtdev1/stable,now 1.1.5-1 armhf  [installé, automatique]
libmtp-common/stable,now 1.1.13-1 all  [installé, automatique]
libmtp-runtime/stable,now 1.1.13-1 armhf  [installé]
libmtp9/stable,now 1.1.13-1 armhf  [installé, automatique]
libncurses5/stable,now 6.0+20161126-1+deb9u2 armhf  [installé]
libncursesw5/stable,now 6.0+20161126-1+deb9u2 armhf  [installé]
libnet1/stable,now 1.1.6+dfsg-3 armhf  [installé, automatique]
libnetfilter-conntrack3/stable,now 1.0.6-2 armhf  [installé]
libnettle6/stable,now 3.3-1 armhf  [installé]
libnewt0.52/stable,now 0.52.19-1 armhf  [installé]
libnfnetlink0/stable,now 1.0.1-3 armhf  [installé]
libnfs8/stable,now 1.11.0-2 armhf  [installé, automatique]
libnfsidmap2/stable,now 0.25-5.1 armhf  [installé, automatique]
libnghttp2-14/stable,now 1.18.1-1 armhf  [installé, automatique]
libnginx-mod-http-auth-pam/stable,now 1.10.3-1+deb9u2 armhf  [installé, automatique]
libnginx-mod-http-dav-ext/stable,now 1.10.3-1+deb9u2 armhf  [installé, automatique]
libnginx-mod-http-echo/stable,now 1.10.3-1+deb9u2 armhf  [installé, automatique]
libnginx-mod-http-geoip/stable,now 1.10.3-1+deb9u2 armhf  [installé, automatique]
libnginx-mod-http-image-filter/stable,now 1.10.3-1+deb9u2 armhf  [installé, automatique]
libnginx-mod-http-subs-filter/stable,now 1.10.3-1+deb9u2 armhf  [installé, automatique]
libnginx-mod-http-upstream-fair/stable,now 1.10.3-1+deb9u2 armhf  [installé, automatique]
libnginx-mod-http-xslt-filter/stable,now 1.10.3-1+deb9u2 armhf  [installé, automatique]
libnginx-mod-mail/stable,now 1.10.3-1+deb9u2 armhf  [installé, automatique]
libnginx-mod-stream/stable,now 1.10.3-1+deb9u2 armhf  [installé, automatique]
libnih-dbus1/stable,now 1.0.3-8 armhf  [installé]
libnih1/stable,now 1.0.3-8 armhf  [installé]
libnl-3-200/stable,now 3.2.27-2 armhf  [installé, automatique]
libnl-genl-3-200/stable,now 3.2.27-2 armhf  [installé, automatique]
libnl-route-3-200/stable,now 3.2.27-2 armhf  [installé, automatique]
libnotify4/stable,now 0.7.7-2 armhf  [installé, automatique]
libnpth0/stable,now 1.3-1 armhf  [installé]
libnspr4/stable,now 2:4.12-6 armhf  [installé, automatique]
libnss-mdns/stable,now 0.10-8 armhf  [installé, automatique]
libnss3/stable,now 2:3.26.2-1.1+deb9u1 armhf  [installé, automatique]
liboauth0/stable,now 1.0.1-1+b1 armhf  [installé, automatique]
libobrender32v5/stable,now 3.6.1-4+rpi9 armhf  [installé, automatique]
libobt2v5/stable,now 3.6.1-4+rpi9 armhf  [installé, automatique]
libofa0/stable,now 0.9.3-15 armhf  [installé, automatique]
libogg0/stable,now 1.3.2-1 armhf  [installé, automatique]
libopenal-data/stable,now 1:1.17.2-4 all  [installé, automatique]
libopenal1/stable,now 1:1.17.2-4 armhf  [installé, automatique]
libopencv-calib3d2.4v5/stable,now 2.4.9.1+dfsg1-2 armhf  [installé, automatique]
libopencv-core2.4v5/stable,now 2.4.9.1+dfsg1-2 armhf  [installé, automatique]
libopencv-features2d2.4v5/stable,now 2.4.9.1+dfsg1-2 armhf  [installé, automatique]
libopencv-flann2.4v5/stable,now 2.4.9.1+dfsg1-2 armhf  [installé, automatique]
libopencv-highgui2.4-deb0/stable,now 2.4.9.1+dfsg1-2 armhf  [installé, automatique]
libopencv-imgproc2.4v5/stable,now 2.4.9.1+dfsg1-2 armhf  [installé, automatique]
libopencv-objdetect2.4v5/stable,now 2.4.9.1+dfsg1-2 armhf  [installé, automatique]
libopencv-video2.4v5/stable,now 2.4.9.1+dfsg1-2 armhf  [installé, automatique]
libopenexr22/stable,now 2.2.0-11 armhf  [installé, automatique]
libopenjp2-7/stable,now 2.1.2-1.1+deb9u2 armhf  [installé, automatique]
libopenmpt-modplug1/stable,now 0.2.7386~beta20.3-3+deb9u3 armhf  [installé, automatique]
libopenmpt0/stable,now 0.2.7386~beta20.3-3+deb9u3 armhf  [installé, automatique]
libopus0/stable,now 1.2~alpha2-1 armhf  [installé, automatique]
liborc-0.4-0/stable,now 1:0.4.26-2 armhf  [installé, automatique]
libossp-uuid16/stable,now 1.6.2-1.5+b3 armhf  [installé, automatique]
libp11-kit-dev/stable,now 0.23.3-2 armhf  [installé, automatique]
libp11-kit0/stable,now 0.23.3-2 armhf  [installé]
libpackagekit-glib2-18/stable,now 1.1.5-2+deb9u1 armhf  [installé, automatique]
libpam-chksshpwd/stable,now 1.1.8-3.6+rpi1 armhf  [installé]
libpam-modules/stable,now 1.1.8-3.6+rpi1 armhf  [installé]
libpam-modules-bin/stable,now 1.1.8-3.6+rpi1 armhf  [installé]
libpam-runtime/stable,now 1.1.8-3.6+rpi1 all  [installé]
libpam-systemd/stable,now 232-25+deb9u8 armhf  [installé, automatique]
libpam0g/stable,now 1.1.8-3.6+rpi1 armhf  [installé]
libpango-1.0-0/stable,now 1.40.5-1 armhf  [installé, automatique]
libpango1.0-0/stable,now 1.40.5-1 armhf  [installé, automatique]
libpangocairo-1.0-0/stable,now 1.40.5-1 armhf  [installé, automatique]
libpangoft2-1.0-0/stable,now 1.40.5-1 armhf  [installé, automatique]
libpangox-1.0-0/stable,now 0.0.2-5 armhf  [installé, automatique]
libpangoxft-1.0-0/stable,now 1.40.5-1 armhf  [installé, automatique]
libpaper-utils/stable,now 1.1.24+nmu5 armhf  [installé, automatique]
libpaper1/stable,now 1.1.24+nmu5 armhf  [installé, automatique]
libparted2/stable,now 3.2-17 armhf  [installé, automatique]
libpcap0.8/stable,now 1.8.1-3 armhf  [installé, automatique]
libpciaccess0/stable,now 0.13.4-1 armhf  [installé, automatique]
libpcre16-3/stable,now 2:8.39-3 armhf  [installé, automatique]
libpcre3/stable,now 2:8.39-3 armhf  [installé]
libpcsclite1/stable,now 1.8.20-1 armhf  [installé, automatique]
libperl5.24/stable,now 5.24.1-3+deb9u5 armhf  [installé, automatique]
libpgm-5.2-0/stable,now 5.2.122~dfsg-2 armhf  [installé, automatique]
libpipeline1/stable,now 1.4.1-2 armhf  [installé]
libpixman-1-0/stable,now 0.34.0-1 armhf  [installé, automatique]
libplist3/stable,now 1.12+git+1+e37ca00-0.3 armhf  [installé, automatique]
libplymouth4/stable,now 0.9.2-4+rpi1 armhf  [installé]
libpng-dev/stable,now 1.6.28-1 armhf  [installé, automatique]
libpng-tools/stable,now 1.6.28-1 armhf  [installé, automatique]
libpng12-0/stable,now 1.2.54-6 armhf  [installé, automatique]
libpng16-16/stable,now 1.6.28-1 armhf  [installé]
libpolkit-agent-1-0/stable,now 0.105-18+deb9u1 armhf  [installé, automatique]
libpolkit-backend-1-0/stable,now 0.105-18+deb9u1 armhf  [installé, automatique]
libpolkit-gobject-1-0/stable,now 0.105-18+deb9u1 armhf  [installé, automatique]
libpoppler-qt5-1/stable,now 0.48.0-2+deb9u2 armhf  [installé, automatique]
libpoppler64/stable,now 0.48.0-2+deb9u2 armhf  [installé, automatique]
libpopt0/stable,now 1.16-10 armhf  [installé]
libportmidi0/stable,now 1:217-6 armhf  [installé, automatique]
libpostproc54/stable,now 7:3.2.12-1~deb9u1+rpt1 armhf  [installé, automatique]
libprocps6/stable,now 2:3.3.12-3+deb9u1 armhf  [installé]
libprotobuf-lite10/stable,now 3.0.0-9 armhf  [installé, automatique]
libproxy-tools/stable,now 0.4.14-2 armhf  [installé, automatique]
libproxy1v5/stable,now 0.4.14-2 armhf  [installé, automatique]
libpsl5/stable,now 0.17.0-3 armhf  [installé]
libpulse0/stable,now 10.0-1+deb9u1 armhf  [installé, automatique]
libpython-all-dev/stable,now 2.7.13-2 armhf  [installé, automatique]
libpython-dev/stable,now 2.7.13-2 armhf  [installé, automatique]
libpython-stdlib/stable,now 2.7.13-2 armhf  [installé, automatique]
libpython2.7/stable,now 2.7.13-2+deb9u3 armhf  [installé, automatique]
libpython2.7-dev/stable,now 2.7.13-2+deb9u3 armhf  [installé, automatique]
libpython2.7-minimal/stable,now 2.7.13-2+deb9u3 armhf  [installé, automatique]
libpython2.7-stdlib/stable,now 2.7.13-2+deb9u3 armhf  [installé, automatique]
libpython3-dev/stable,now 3.5.3-1 armhf  [installé, automatique]
libpython3-stdlib/stable,now 3.5.3-1 armhf  [installé, automatique]
libpython3.5/stable,now 3.5.3-1+deb9u1 armhf  [installé, automatique]
libpython3.5-dev/stable,now 3.5.3-1+deb9u1 armhf  [installé, automatique]
libpython3.5-minimal/stable,now 3.5.3-1+deb9u1 armhf  [installé, automatique]
libpython3.5-stdlib/stable,now 3.5.3-1+deb9u1 armhf  [installé, automatique]
libqgsttools-p1/stable,now 5.7.1~20161021-2 armhf [installé, pouvant être supprimé automatiquement]
libqt5concurrent5/stable,now 5.7.1+dfsg-3+rpi1+deb9u1 armhf  [installé, automatique]
libqt5core5a/stable,now 5.7.1+dfsg-3+rpi1+deb9u1 armhf  [installé, automatique]
libqt5dbus5/stable,now 5.7.1+dfsg-3+rpi1+deb9u1 armhf  [installé, automatique]
libqt5gui5/stable,now 5.7.1+dfsg-3+rpi1+deb9u1 armhf  [installé, automatique]
libqt5multimedia5/stable,now 5.7.1~20161021-2 armhf [installé, pouvant être supprimé automatiquement]
libqt5multimedia5-plugins/stable,now 5.7.1~20161021-2 armhf [installé, pouvant être supprimé automatiquement]
libqt5multimediaquick-p5/stable,now 5.7.1~20161021-2 armhf [installé, pouvant être supprimé automatiquement]
libqt5multimediawidgets5/stable,now 5.7.1~20161021-2 armhf [installé, pouvant être supprimé automatiquement]
libqt5network5/stable,now 5.7.1+dfsg-3+rpi1+deb9u1 armhf  [installé, automatique]
libqt5opengl5/stable,now 5.7.1+dfsg-3+rpi1+deb9u1 armhf [installé, pouvant être supprimé automatiquement]
libqt5printsupport5/stable,now 5.7.1+dfsg-3+rpi1+deb9u1 armhf  [installé, automatique]
libqt5qml5/stable,now 5.7.1-2+rpi1 armhf [installé, pouvant être supprimé automatiquement]
libqt5quick5/stable,now 5.7.1-2+rpi1 armhf [installé, pouvant être supprimé automatiquement]
libqt5sql5/stable,now 5.7.1+dfsg-3+rpi1+deb9u1 armhf  [installé, automatique]
libqt5sql5-sqlite/stable,now 5.7.1+dfsg-3+rpi1+deb9u1 armhf  [installé, automatique]
libqt5svg5/stable,now 5.7.1~20161021-2 armhf  [installé, automatique]
libqt5widgets5/stable,now 5.7.1+dfsg-3+rpi1+deb9u1 armhf  [installé, automatique]
libqt5x11extras5/stable,now 5.7.1~20161021-2 armhf  [installé, automatique]
libqt5xml5/stable,now 5.7.1+dfsg-3+rpi1+deb9u1 armhf  [installé, automatique]
libraspberrypi-bin/stable,now 1.20181112-1 armhf  [installé]
libraspberrypi-dev/stable,now 1.20181112-1 armhf  [installé]
libraspberrypi-doc/stable,now 1.20181112-1 armhf  [installé]
libraspberrypi0/stable,now 1.20181112-1 armhf  [installé]
libraw1394-11/stable,now 2.1.2-1 armhf  [installé, automatique]
libreadline6/stable,now 6.3-9 armhf  [installé]
libreadline7/stable,now 7.0-3 armhf  [installé]
libresid-builder0c2a/stable,now 2.1.1-15 armhf  [installé, automatique]
librest-0.7-0/stable,now 0.8.0-2 armhf  [installé, automatique]
librsvg2-2/stable,now 2.40.16-1 armhf  [installé, automatique]
librsvg2-common/stable,now 2.40.16-1 armhf  [installé, automatique]
librtimulib-dev/stable,now 7.2.1-4 armhf  [installé, automatique]
librtimulib-utils/stable,now 7.2.1-4 armhf  [installé, automatique]
librtimulib7/stable,now 7.2.1-4 armhf  [installé, automatique]
librtmp1/stable,now 2.4+20151223.gitfa8646d.1-1 armhf  [installé, automatique]
librubberband2/stable,now 1.8.1-7 armhf  [installé, automatique]
libsamplerate0/stable,now 0.1.8-8 armhf  [installé, automatique]
libsasl2-2/stable,now 2.1.27~101-g0780600+dfsg-3 armhf  [installé, automatique]
libsasl2-modules/stable,now 2.1.27~101-g0780600+dfsg-3 armhf  [installé, automatique]
libsasl2-modules-db/stable,now 2.1.27~101-g0780600+dfsg-3 armhf  [installé, automatique]
libsbc1/stable,now 1.3-2 armhf  [installé, automatique]
libsdl-image1.2/stable,now 1.2.12-5+deb9u1 armhf  [installé, automatique]
libsdl-mixer1.2/stable,now 1.2.12-11+b1 armhf  [installé, automatique]
libsdl-ttf2.0-0/stable,now 2.0.11-3 armhf  [installé, automatique]
libsdl1.2debian/stable,now 1.2.15+dfsg1-4+rpt1 armhf  [installé, automatique]
libsdl2-2.0-0/stable,now 2.0.5+dfsg1-2 armhf  [installé, automatique]
libseccomp2/stable,now 2.3.1-2.1+deb9u1 armhf  [installé]
libsecret-1-0/stable,now 0.18.5-3.1 armhf  [installé, automatique]
libsecret-common/stable,now 0.18.5-3.1 all  [installé, automatique]
libselinux1/stable,now 2.6-3 armhf  [installé]
libsemanage-common/stable,now 2.6-2 all  [installé]
libsemanage1/stable,now 2.6-2 armhf  [installé]
libsensors4/stable,now 1:3.4.0-4 armhf  [installé, automatique]
libsepol1/stable,now 2.6-2 armhf  [installé]
libserd-0-0/stable,now 0.26.0~dfsg0-1 armhf  [installé, automatique]
libshine3/stable,now 3.1.0-5 armhf  [installé, automatique]
libshout3/stable,now 2.3.1-3 armhf  [installé, automatique]
libsidplay2/stable,now 2.1.1-15 armhf  [installé, automatique]
libsigc++-1.2-5c2/stable,now 1.2.7-2+b1 armhf  [installé]
libsigc++-2.0-0v5/stable,now 2.10.0-1 armhf  [installé]
libslang2/stable,now 2.3.1-5 armhf  [installé]
libsm6/stable,now 2:1.2.2-1+b1 armhf  [installé, automatique]
libsmartcols1/stable,now 2.29.2-1+deb9u1 armhf  [installé]
libsmbclient/stable,now 2:4.5.12+dfsg-2+deb9u4 armhf  [installé, automatique]
libsmi2ldbl/stable,now 0.4.8+dfsg2-15 armhf [installé, pouvant être supprimé automatiquement]
libsnappy1v5/stable,now 1.1.3-3 armhf  [installé, automatique]
libsndfile1/stable,now 1.0.27-3 armhf  [installé, automatique]
libsndio6.1/stable,now 1.1.0-3 armhf  [installé, automatique]
libsodium18/stable,now 1.0.11-2 armhf  [installé, automatique]
libsord-0-0/stable,now 0.16.0~dfsg0-1 armhf  [installé, automatique]
libsoundtouch1/stable,now 1.9.2-2+deb9u1 armhf  [installé, automatique]
libsoup-gnome2.4-1/stable,now 2.56.0-2+deb9u2 armhf  [installé, automatique]
libsoup2.4-1/stable,now 2.56.0-2+deb9u2 armhf  [installé, automatique]
libsoxr0/stable,now 0.1.2-2 armhf  [installé, automatique]
libspandsp2/stable,now 0.0.6+dfsg-0.1 armhf  [installé, automatique]
libspectre1/stable,now 0.2.8-1 armhf  [installé, automatique]
libspeex1/stable,now 1.2~rc1.2-1 armhf  [installé, automatique]
libspeexdsp1/stable,now 1.2~rc1.2-1 armhf  [installé, automatique]
libsqlite3-0/stable,now 3.16.2-5+deb9u1 armhf  [installé]
libsratom-0-0/stable,now 0.6.0~dfsg0-1 armhf  [installé, automatique]
libsrtp0/stable,now 1.4.5~20130609~dfsg-2 armhf  [installé, automatique]
libss2/stable,now 1.43.4-2 armhf  [installé]
libssh-gcrypt-4/stable,now 0.7.3-2+deb9u1 armhf  [installé, automatique]
libssh2-1/stable,now 1.7.0-1 armhf  [installé, automatique]
libssl1.0.2/stable,now 1.0.2q-1~deb9u1 armhf  [installé]
libssl1.1/stable,now 1.1.0j-1~deb9u1 armhf  [installé]
libstartup-notification0/stable,now 0.12-4 armhf  [installé, automatique]
libstdc++-6-dev/stable,now 6.3.0-18+rpi1+deb9u1 armhf  [installé, automatique]
libstdc++6/stable,now 6.3.0-18+rpi1+deb9u1 armhf  [installé]
libswresample2/stable,now 7:3.2.12-1~deb9u1+rpt1 armhf  [installé, automatique]
libswscale4/stable,now 7:3.2.12-1~deb9u1+rpt1 armhf  [installé, automatique]
libsysfs2/stable,now 2.1.0+repack-4 armhf  [installé]
libsystemd0/stable,now 232-25+deb9u8 armhf  [installé]
libtag1v5/stable,now 1.11.1+dfsg.1-0.1 armhf  [installé, automatique]
libtag1v5-vanilla/stable,now 1.11.1+dfsg.1-0.1 armhf  [installé, automatique]
libtalloc2/stable,now 2.1.8-1 armhf  [installé, automatique]
libtasn1-6/stable,now 4.10-1.1+deb9u1 armhf  [installé]
libtasn1-6-dev/stable,now 4.10-1.1+deb9u1 armhf  [installé, automatique]
libtasn1-doc/stable,now 4.10-1.1+deb9u1 all  [installé, automatique]
libtcl8.6/stable,now 8.6.6+dfsg-1 armhf  [installé, automatique]
libtdb1/stable,now 1.3.11-2 armhf  [installé, automatique]
libtevent0/stable,now 0.9.31-1 armhf  [installé, automatique]
libtext-charwidth-perl/stable,now 0.04-7+b7 armhf  [installé]
libtext-iconv-perl/stable,now 1.7-5+b8 armhf  [installé]
libtext-wrapi18n-perl/stable,now 0.06-7.1 all  [installé]
libthai-data/stable,now 0.1.26-1 all  [installé, automatique]
libthai0/stable,now 0.1.26-1 armhf  [installé, automatique]
libtheora0/stable,now 1.1.1+dfsg.1-14 armhf  [installé, automatique]
libtiff5/stable,now 4.0.8-2+deb9u4 armhf  [installé, automatique]
libtinfo5/stable,now 6.0+20161126-1+deb9u2 armhf  [installé]
libtirpc1/stable,now 0.2.5-1.2+deb9u1 armhf  [installé, automatique]
libtk8.6/stable,now 8.6.6-1 armhf  [installé, automatique]
libtwolame0/stable,now 0.3.13-2 armhf  [installé, automatique]
libtxc-dxtn-s2tc/stable,now 1.0+git20151227-2 armhf  [installé, automatique]
libubsan0/stable,now 6.3.0-18+rpi1+deb9u1 armhf  [installé, automatique]
libudev0/stable,now 175-7.2 armhf  [installé]
libudev1/stable,now 232-25+deb9u8 armhf  [installé]
libudisks2-0/stable,now 2.1.8-1 armhf  [installé, automatique]
libunbound2/stable,now 1.6.0-3+deb9u2 armhf  [installé, automatique]
libunique-1.0-0/stable,now 1.1.6-5 armhf  [installé, automatique]
libunistring0/stable,now 0.9.6+really0.9.3-0.1 armhf  [installé]
libupnp6/stable,now 1:1.6.19+git20160116-1.2 armhf  [installé, automatique]
libusageenvironment3/stable,now 2016.11.28-1+deb9u1 armhf  [installé, automatique]
libusb-0.1-4/stable,now 2:0.1.12-30 armhf  [installé]
libusb-1.0-0/stable,now 2:1.0.21-1 armhf  [installé, automatique]
libusbmuxd4/stable,now 1.0.10-3 armhf  [installé, automatique]
libustr-1.0-1/stable,now 1.0.4-6 armhf  [installé]
libuuid1/stable,now 2.29.2-1+deb9u1 armhf  [installé]
libuv1/stable,now 1.18.0-3~bpo9+1 armhf  [installé, automatique]
libv4l-0/stable,now 1.12.3-1 armhf  [installé, automatique]
libv4l2rds0/stable,now 1.12.3-1 armhf  [installé, automatique]
libv4lconvert0/stable,now 1.12.3-1 armhf  [installé, automatique]
libva-drm1/stable,now 1.7.3-2 armhf  [installé, automatique]
libva-wayland1/stable,now 1.7.3-2 armhf  [installé, automatique]
libva-x11-1/stable,now 1.7.3-2 armhf  [installé, automatique]
libva1/stable,now 1.7.3-2 armhf  [installé, automatique]
libvdpau-va-gl1/stable,now 0.4.2-1 armhf  [installé, automatique]
libvdpau1/stable,now 1.1.1-6 armhf  [installé, automatique]
libvisual-0.4-0/stable,now 0.4.0-10 armhf  [installé, automatique]
libvlc-bin/stable,now 3.0.6-0+rpt1+deb9u1 armhf  [installé, automatique]
libvlc5/stable,now 3.0.6-0+rpt1+deb9u1 armhf  [installé, automatique]
libvlccore9/stable,now 3.0.6-0+rpt1+deb9u1 armhf  [installé, automatique]
libvo-aacenc0/stable,now 0.1.3-1 armhf  [installé, automatique]
libvo-amrwbenc0/stable,now 0.1.3-1 armhf  [installé, automatique]
libvorbis0a/stable,now 1.3.5-4+deb9u2 armhf  [installé, automatique]
libvorbisenc2/stable,now 1.3.5-4+deb9u2 armhf  [installé, automatique]
libvorbisfile3/stable,now 1.3.5-4+deb9u2 armhf  [installé, automatique]
libvpx4/stable,now 1.6.1-3+deb9u1 armhf  [installé, automatique]
libvte-common/stable,now 1:0.28.2-5 all  [installé, automatique]
libvte9/stable,now 1:0.28.2-5 armhf  [installé, automatique]
libwacom-common/stable,now 0.22-1 all  [installé, automatique]
libwacom2/stable,now 0.22-1 armhf  [installé, automatique]
libwavpack1/stable,now 5.0.0-2+deb9u2 armhf  [installé, automatique]
libwayland-client0/stable,now 1.12.0-1 armhf  [installé, automatique]
libwayland-cursor0/stable,now 1.12.0-1 armhf  [installé, automatique]
libwayland-egl1-mesa/stable,now 13.0.6-1+rpi2 armhf  [installé, automatique]
libwayland-server0/stable,now 1.12.0-1 armhf  [installé, automatique]
libwbclient0/stable,now 2:4.5.12+dfsg-2+deb9u4 armhf  [installé, automatique]
libwebkit2gtk-4.0-37/stable,now 2.18.6-1~deb9u1+rpi1 armhf  [installé, automatique]
libwebkitgtk-3.0-0/stable,now 2.4.11-3+rpi1 armhf  [installé, automatique]
libwebp6/stable,now 0.5.2-1 armhf  [installé, automatique]
libwebpdemux2/stable,now 0.5.2-1 armhf  [installé, automatique]
libwebpmux2/stable,now 0.5.2-1 armhf  [installé, automatique]
libwebrtc-audio-processing1/stable,now 0.3-1 armhf  [installé, automatique]
libwildmidi-config/stable,now 0.4.0-2 all  [installé, automatique]
libwildmidi2/stable,now 0.4.0-2 armhf  [installé, automatique]
libwireshark-data/stable,now 2.6.5-1~deb9u1 all [installé, pouvant être supprimé automatiquement]
libwireshark11/stable,now 2.6.5-1~deb9u1 armhf [installé, pouvant être supprimé automatiquement]
libwiretap8/stable,now 2.6.5-1~deb9u1 armhf [installé, pouvant être supprimé automatiquement]
libwnck-3-0/stable,now 3.20.1-3 armhf  [installé, automatique]
libwnck-3-common/stable,now 3.20.1-3 all  [installé, automatique]
libwnck-common/stable,now 2.30.7-5.1 all  [installé, automatique]
libwnck22/stable,now 2.30.7-5.1 armhf  [installé, automatique]
libwrap0/stable,now 7.6.q-26 armhf  [installé, automatique]
libwscodecs2/stable,now 2.6.5-1~deb9u1 armhf [installé, pouvant être supprimé automatiquement]
libwsutil9/stable,now 2.6.5-1~deb9u1 armhf [installé, pouvant être supprimé automatiquement]
libx11-6/stable,now 2:1.6.4-3+deb9u1 armhf  [installé, automatique]
libx11-data/stable,now 2:1.6.4-3+deb9u1 all  [installé, automatique]
libx11-xcb1/stable,now 2:1.6.4-3+deb9u1 armhf  [installé, automatique]
libx264-148/stable,now 2:0.148.2748+git97eaef2-1+rpi1 armhf  [installé, automatique]
libx265-95/stable,now 2.1-2 armhf  [installé, automatique]
libxapian30/stable,now 1.4.3-2+deb9u2 armhf  [installé]
libxau6/stable,now 1:1.0.8-1 armhf  [installé, automatique]
libxaw7/stable,now 2:1.0.13-1 armhf  [installé, automatique]
libxcb-dri2-0/stable,now 1.12-1 armhf  [installé, automatique]
libxcb-dri3-0/stable,now 1.12-1 armhf  [installé, automatique]
libxcb-glx0/stable,now 1.12-1 armhf  [installé, automatique]
libxcb-icccm4/stable,now 0.4.1-1 armhf  [installé, automatique]
libxcb-image0/stable,now 0.4.0-1 armhf  [installé, automatique]
libxcb-keysyms1/stable,now 0.4.0-1 armhf  [installé, automatique]
libxcb-present0/stable,now 1.12-1 armhf  [installé, automatique]
libxcb-randr0/stable,now 1.12-1 armhf  [installé, automatique]
libxcb-render-util0/stable,now 0.3.9-1 armhf  [installé, automatique]
libxcb-render0/stable,now 1.12-1 armhf  [installé, automatique]
libxcb-shape0/stable,now 1.12-1 armhf  [installé, automatique]
libxcb-shm0/stable,now 1.12-1 armhf  [installé, automatique]
libxcb-sync1/stable,now 1.12-1 armhf  [installé, automatique]
libxcb-util0/stable,now 0.3.8-3 armhf  [installé, automatique]
libxcb-xfixes0/stable,now 1.12-1 armhf  [installé, automatique]
libxcb-xinerama0/stable,now 1.12-1 armhf  [installé, automatique]
libxcb-xkb1/stable,now 1.12-1 armhf  [installé, automatique]
libxcb-xv0/stable,now 1.12-1 armhf  [installé, automatique]
libxcb1/stable,now 1.12-1 armhf  [installé, automatique]
libxcomposite1/stable,now 1:0.4.4-2 armhf  [installé, automatique]
libxcursor1/stable,now 1:1.1.14-1+deb9u2 armhf  [installé, automatique]
libxdamage1/stable,now 1:1.1.4-2+b1 armhf  [installé, automatique]
libxdmcp6/stable,now 1:1.1.2-3 armhf  [installé, automatique]
libxext6/stable,now 2:1.3.3-1 armhf  [installé, automatique]
libxfce4util-bin/stable,now 4.12.1-3 armhf  [installé, automatique]
libxfce4util-common/stable,now 4.12.1-3 all  [installé, automatique]
libxfce4util7/stable,now 4.12.1-3 armhf  [installé, automatique]
libxfconf-0-2/stable,now 4.12.1-1 armhf  [installé, automatique]
libxfixes3/stable,now 1:5.0.3-1 armhf  [installé, automatique]
libxfont2/stable,now 1:2.0.1-3+deb9u1 armhf  [installé, automatique]
libxft2/stable,now 2.3.2-1 armhf  [installé, automatique]
libxi6/stable,now 2:1.7.9-1 armhf  [installé, automatique]
libxinerama1/stable,now 2:1.1.3-1+b1 armhf  [installé, automatique]
libxkbcommon-x11-0/stable,now 0.7.1-2~deb9u1 armhf  [installé, automatique]
libxkbcommon0/stable,now 0.7.1-2~deb9u1 armhf  [installé, automatique]
libxkbfile1/stable,now 1:1.0.9-2 armhf  [installé, automatique]
libxklavier16/stable,now 5.4-2 armhf  [installé, automatique]
libxml2/stable,now 2.9.4+dfsg1-2.2+deb9u2 armhf  [installé, automatique]
libxmu6/stable,now 2:1.1.2-2 armhf  [installé, automatique]
libxmuu1/stable,now 2:1.1.2-2 armhf  [installé, automatique]
libxpm4/stable,now 1:3.5.12-1 armhf  [installé, automatique]
libxrandr2/stable,now 2:1.5.1-1 armhf  [installé, automatique]
libxrender1/stable,now 1:0.9.10-1 armhf  [installé, automatique]
libxres1/stable,now 2:1.0.7-1 armhf  [installé, automatique]
libxshmfence1/stable,now 1.2-1 armhf  [installé, automatique]
libxslt1.1/stable,now 1.1.29-2.1 armhf  [installé, automatique]
libxss1/stable,now 1:1.2.2-1 armhf  [installé, automatique]
libxt6/stable,now 1:1.1.5-1 armhf  [installé, automatique]
libxtables12/stable,now 1.6.0+snapshot20161117-6 armhf  [installé]
libxtst6/stable,now 2:1.2.3-1 armhf  [installé, automatique]
libxv1/stable,now 2:1.0.11-1 armhf  [installé, automatique]
libxvidcore4/stable,now 2:1.3.4-1 armhf  [installé, automatique]
libxxf86dga1/stable,now 2:1.1.4-1 armhf  [installé, automatique]
libxxf86vm1/stable,now 1:1.1.4-1 armhf  [installé, automatique]
libzbar0/stable,now 0.10+doc-10.1 armhf  [installé, automatique]
libzmq5/stable,now 4.2.1-4+deb9u1 armhf  [installé, automatique]
libzvbi-common/stable,now 0.2.35-13 all  [installé, automatique]
libzvbi0/stable,now 0.2.35-13 armhf  [installé, automatique]
lightdm/stable,now 1.18.3-1 armhf  [installé]
lightdm-gtk-greeter/stable,now 2.0.2-1 armhf  [installé, automatique]
linux-base/stable,now 4.5 all  [installé]
linux-libc-dev/stable,now 4.9.82-1+deb9u3+rpi1 armhf  [installé, automatique]
locales/stable,now 2.24-11+deb9u3 all  [installé]
locate/stable,now 4.6.0+git+20161106-2 armhf  [installé]
login/stable,now 1:4.4-4.1 armhf  [installé]
logrotate/stable,now 3.11.0-0.1 armhf  [installé]
lsb-base/stable,now 9.20161125+rpi1 all  [installé]
lsb-release/stable,now 9.20161125+rpi1 all  [installé, automatique]
lua5.1/stable,now 5.1.5-8.1 armhf  [installé]
luajit/stable,now 2.0.4+dfsg-1 armhf  [installé]
lxappearance/stable,now 0.6.3-1 armhf  [installé, automatique]
lxappearance-obconf/stable,now 0.2.3-1+rpt1 armhf  [installé, automatique]
lxde/stable,now 9+rpi1 all  [installé]
lxde-common/stable,now 0.99.2-3 all  [installé, automatique]
lxde-core/stable,now 9+rpi1 all  [installé, automatique]
lxde-icon-theme/stable,now 0.5.1-2 all  [installé, automatique]
lxhotkey-core/stable,now 0.1.0-1 armhf  [installé, automatique]
lxhotkey-gtk/stable,now 0.1.0-1 armhf  [installé, automatique]
lxinput/stable,now 0.3.5-1+rpi4 armhf  [installé, automatique]
lxmenu-data/stable,now 0.1.5-2 all  [installé, automatique]
lxpanel/stable,now 0.9.3-1+rpi7 armhf  [installé, automatique]
lxpanel-data/stable,now 0.9.3-1+rpi7 all  [installé, automatique]
lxplug-bluetooth/stable,now 0.6 armhf  [installé, automatique]
lxplug-ejecter/stable,now 0.3 armhf  [installé, automatique]
lxplug-network/stable,now 0.13 armhf  [installé, automatique]
lxplug-ptbatt/stable,now 0.4 armhf  [installé, automatique]
lxplug-volume/stable,now 0.13 armhf  [installé, automatique]
lxpolkit/stable,now 0.5.3-2+rpi1 armhf  [installé, automatique]
lxrandr/stable,now 0.3.1-1 armhf  [installé, automatique]
lxsession/stable,now 0.5.3-2+rpi1 armhf  [installé, automatique]
lxsession-data/stable,now 0.5.3-2+rpi1 all  [installé, automatique]
lxsession-edit/stable,now 0.5.3-2+rpi1 armhf  [installé, automatique]
lxsession-logout/stable,now 0.5.3-2+rpi1 armhf  [installé, automatique]
lxtask/stable,now 0.1.8-1 armhf  [installé]
lxterminal/stable,now 0.3.0-2+rpi1 armhf  [installé, automatique]
make/stable,now 4.1-9.1 armhf  [installé, automatique]
makedev/stable,now 2.3.1-93 all  [installé]
man-db/stable,now 2.7.6.1-2 armhf  [installé]
manpages/stable,now 4.10-2 all  [installé, automatique]
manpages-dev/stable,now 4.10-2 all  [installé]
mawk/stable,now 1.3.3-17 armhf  [installé]
menu-xdg/stable,now 0.5 all  [installé]
mesa-utils/stable,now 8.3.0-3 armhf  [installé, automatique]
mesa-va-drivers/stable,now 13.0.6-1+rpi2 armhf  [installé, automatique]
mesa-vdpau-drivers/stable,now 13.0.6-1+rpi2 armhf  [installé, automatique]
mime-support/stable,now 3.60 all  [installé, automatique]
mount/stable,now 2.29.2-1+deb9u1 armhf  [installé]
mountall/stable,now 2.54 armhf  [installé]
multiarch-support/stable,now 2.24-11+deb9u3 armhf  [installé]
nano/stable,now 2.7.4-1 armhf  [installé]
ncdu/stable,now 1.12-1 armhf  [installé]
ncurses-base/stable,now 6.0+20161126-1+deb9u2 all  [installé]
ncurses-bin/stable,now 6.0+20161126-1+deb9u2 armhf  [installé]
ncurses-term/stable,now 6.0+20161126-1+deb9u2 all  [installé, automatique]
net-tools/stable,now 1.60+git20161116.90da8a0-1 armhf  [installé]
netbase/stable,now 5.4 all  [installé]
netcat-openbsd/stable,now 1.130-3 armhf  [installé]
netcat-traditional/stable,now 1.10-41 armhf  [installé]
netfilter-persistent/stable,now 1.0.4+nmu2 all  [installé, automatique]
netsurf-common/stable,now 3.6-3.1 all  [installé, automatique]
netsurf-gtk/stable,now 3.6-3.1 armhf  [installé]
nettle-dev/stable,now 3.3-1 armhf  [installé, automatique]
nfs-common/stable,now 1:1.3.4-2.1 armhf  [installé]
nginx/stable,now 1.10.3-1+deb9u2 all  [installé]
nginx-common/stable,now 1.10.3-1+deb9u2 all  [installé, automatique]
nginx-full/stable,now 1.10.3-1+deb9u2 armhf  [installé, automatique]
ngrep/stable,now 1.45.ds2-14 armhf  [installé]
node-abbrev/stable,now 1.0.9-1 all  [installé, automatique]
node-amdefine/stable,now 0.1.0-1 all  [installé, automatique]
node-ansi-regex/stable,now 2.0.0-1 all  [installé, automatique]
node-ansi-styles/stable,now 2.2.1-1 all  [installé, automatique]
node-argparse/stable,now 1.0.7-1 all  [installé, automatique]
node-arr-diff/stable,now 3.0.0-1 all  [installé, automatique]
node-arr-flatten/stable,now 1.0.1-1 all  [installé, automatique]
node-arr-union/stable,now 3.1.0-1 all  [installé, automatique]
node-array-find-index/stable,now 1.0.2-1 all  [installé, automatique]
node-array-unique/stable,now 0.2.1-1 all  [installé, automatique]
node-async/stable,now 0.8.0-1 all  [installé, automatique]
node-balanced-match/stable,now 0.4.2-1 all  [installé, automatique]
node-base/stable,now 0.11.1-1 all  [installé, automatique]
node-brace-expansion/stable,now 1.1.6-1+deb9u1 all  [installé, automatique]
node-braces/stable,now 2.0.2-1 all  [installé, automatique]
node-builtin-modules/stable,now 1.1.1-1 all  [installé, automatique]
node-cache-base/stable,now 0.8.4-1 all  [installé, automatique]
node-camelcase/stable,now 3.0.0-1 all  [installé, automatique]
node-camelcase-keys/stable,now 4.0.0-1 all  [installé, automatique]
node-chalk/stable,now 1.1.3-2 all  [installé, automatique]
node-class-utils/stable,now 0.3.4-1 all  [installé, automatique]
node-collection-visit/stable,now 0.2.3-2 all  [installé, automatique]
node-colors/stable,now 1.0.3-2 all  [installé, automatique]
node-component-emitter/stable,now 1.2.1-1 all  [installé, automatique]
node-concat-map/stable,now 0.0.1-1 all  [installé, automatique]
node-copy-descriptor/stable,now 0.1.1-1 all  [installé, automatique]
node-css/stable,now 2.1.0-2 all  [installé, automatique]
node-currently-unhandled/stable,now 0.4.1-1 all  [installé, automatique]
node-dateformat/stable,now 1.0.11-3+deb9u1 all  [installé, automatique]
node-debug/stable,now 2.5.1-1 all  [installé, automatique]
node-decamelize/stable,now 1.2.0-1 all  [installé, automatique]
node-define-property/stable,now 0.2.5-1 all  [installé, automatique]
node-detect-file/stable,now 0.1.0-1 all  [installé, automatique]
node-error-ex/stable,now 1.3.0-1 all  [installé, automatique]
node-escape-string-regexp/stable,now 1.0.5-1 all  [installé, automatique]
node-esprima/stable,now 3.1.3+ds-1 all  [installé, automatique]
node-eventemitter2/stable,now 0.4.13-2 all  [installé, automatique]
node-exit/stable,now 0.1.2-1 all  [installé, automatique]
node-expand-brackets/stable,now 2.1.3-1 all  [installé, automatique]
node-expand-tilde/stable,now 2.0.1-1 all  [installé, automatique]
node-extend-shallow/stable,now 2.0.1-3 all  [installé, automatique]
node-extglob/stable,now 1.0.0-2 all  [installé, automatique]
node-filename-regex/stable,now 2.0.0-1 all  [installé, automatique]
node-fill-range/stable,now 3.0.3-1 all  [installé, automatique]
node-find-up/stable,now 2.0.0-1 all  [installé, automatique]
node-findup-sync/stable,now 0.4.3-1 all  [installé, automatique]
node-for-in/stable,now 0.1.6-1 all  [installé, automatique]
node-for-own/stable,now 0.1.4-1 all  [installé, automatique]
node-fragment-cache/stable,now 0.2.0-1 all  [installé, automatique]
node-fs-exists-sync/stable,now 0.1.0-1 all  [installé, automatique]
node-fs.realpath/stable,now 1.0.0-1 all  [installé, automatique]
node-get-stdin/stable,now 5.0.1-1 all  [installé, automatique]
node-get-value/stable,now 2.0.6-1 all  [installé, automatique]
node-getobject/stable,now 0.1.0-2 all  [installé, automatique]
node-glob/stable,now 7.1.1-1 all  [installé, automatique]
node-glob-base/stable,now 0.3.0-1 all  [installé, automatique]
node-glob-parent/stable,now 3.0.1-1 all  [installé, automatique]
node-global-modules/stable,now 0.2.3-1 all  [installé, automatique]
node-global-prefix/stable,now 0.1.4-1 all  [installé, automatique]
node-graceful-fs/stable,now 4.1.11-1 all  [installé, automatique]
node-grunt-cli/stable,now 1.2.0-3 all  [installé, automatique]
node-grunt-known-options/stable,now 1.1.0-1 all  [installé, automatique]
node-grunt-legacy-log/stable,now 1.0.0-1 all  [installé, automatique]
node-grunt-legacy-log-utils/stable,now 1.0.0-1 all  [installé, automatique]
node-grunt-legacy-util/stable,now 1.0.0-1 all  [installé, automatique]
node-has-ansi/stable,now 2.0.0-1 all  [installé, automatique]
node-has-flag/stable,now 2.0.0-1 all  [installé, automatique]
node-has-value/stable,now 0.3.1-1 all  [installé, automatique]
node-has-values/stable,now 0.1.4-1 all  [installé, automatique]
node-hooker/stable,now 0.2.3-1 all  [installé, automatique]
node-hosted-git-info/stable,now 2.1.5-1 all  [installé, automatique]
node-iconv-lite/stable,now 0.4.13-2 all  [installé, automatique]
node-indent-string/stable,now 3.0.0-1 all  [installé, automatique]
node-inflight/stable,now 1.0.6-1 all  [installé, automatique]
node-inherits/stable,now 2.0.3-1 all  [installé, automatique]
node-ini/stable,now 1.1.0-1 all  [installé, automatique]
node-is-accessor-descriptor/stable,now 0.1.6-1 all  [installé, automatique]
node-is-arrayish/stable,now 0.3.0-1 all  [installé, automatique]
node-is-buffer/stable,now 1.1.4-1 all  [installé, automatique]
node-is-builtin-module/stable,now 1.0.0-1 all  [installé, automatique]
node-is-data-descriptor/stable,now 0.1.4-1 all  [installé, automatique]
node-is-descriptor/stable,now 0.1.4-1 all  [installé, automatique]
node-is-dotfile/stable,now 1.0.2-1 all  [installé, automatique]
node-is-equal-shallow/stable,now 0.1.3-1 all  [installé, automatique]
node-is-extendable/stable,now 0.1.1-1 all  [installé, automatique]
node-is-extglob/stable,now 2.0.0-1 all  [installé, automatique]
node-is-glob/stable,now 3.0.0-1 all  [installé, automatique]
node-is-number/stable,now 3.0.0-1 all  [installé, automatique]
node-is-plain-object/stable,now 2.0.1+dfsg-1 all  [installé, automatique]
node-is-primitive/stable,now 2.0.0-1 all  [installé, automatique]
node-is-windows/stable,now 0.2.0-1 all  [installé, automatique]
node-isarray/stable,now 1.0.0-1 all  [installé, automatique]
node-isexe/stable,now 1.1.2-1 all  [installé, automatique]
node-isobject/stable,now 2.1.0-1 all  [installé, automatique]
node-js-yaml/stable,now 3.7.0+dfsg-1 all  [installé, automatique]
node-kind-of/stable,now 3.0.4+dfsg-1 all  [installé, automatique]
node-lazy-cache/stable,now 2.0.1-1 all  [installé, automatique]
node-load-json-file/stable,now 2.0.0-1 all  [installé, automatique]
node-lodash/stable,now 4.16.6+dfsg-2 all  [installé, automatique]
node-loud-rejection/stable,now 1.6.0-1 all  [installé, automatique]
node-map-cache/stable,now 0.2.2-1 all  [installé, automatique]
node-map-obj/stable,now 2.0.0-1 all  [installé, automatique]
node-map-visit/stable,now 0.1.5-2 all  [installé, automatique]
node-meow/stable,now 3.7.0-1 all  [installé, automatique]
node-micromatch/stable,now 2.3.11-1 all  [installé, automatique]
node-minimatch/stable,now 3.0.3-1 all  [installé, automatique]
node-minimist/stable,now 1.2.0-1 all  [installé, automatique]
node-mixin-deep/stable,now 1.1.3-1 all  [installé, automatique]
node-nopt/stable,now 3.0.6-3 all  [installé, automatique]
node-normalize-package-data/stable,now 2.3.5-2 all  [installé, automatique]
node-normalize-path/stable,now 2.0.1-2 all  [installé, automatique]
node-object-assign/stable,now 4.1.0-1 all  [installé, automatique]
node-object-copy/stable,now 0.1.0-1 all  [installé, automatique]
node-object-visit/stable,now 0.3.4-1 all  [installé, automatique]
node-object.omit/stable,now 2.0.1-1 all  [installé, automatique]
node-once/stable,now 1.4.0-2 all  [installé, automatique]
node-osenv/stable,now 0.1.0-1 all  [installé, automatique]
node-parse-glob/stable,now 3.0.4+dfsg-1 all  [installé, automatique]
node-parse-json/stable,now 2.2.0-1 all  [installé, automatique]
node-pascalcase/stable,now 0.1.1-1 all  [installé, automatique]
node-path-exists/stable,now 3.0.0-1 all  [installé, automatique]
node-path-is-absolute/stable,now 1.0.0-1 all  [installé, automatique]
node-path-type/stable,now 2.0.0-1 all  [installé, automatique]
node-pify/stable,now 2.3.0-1 all  [installé, automatique]
node-posix-character-classes/stable,now 0.1.0-1 all  [installé, automatique]
node-read-pkg/stable,now 2.0.0-1 all  [installé, automatique]
node-read-pkg-up/stable,now 2.0.0-1 all  [installé, automatique]
node-redent/stable,now 2.0.0-1 all  [installé, automatique]
node-regex-cache/stable,now 0.4.3-1 all  [installé, automatique]
node-regex-not/stable,now 1.0.0-1 all  [installé, automatique]
node-repeat-element/stable,now 1.1.2+github-2 all  [installé, automatique]
node-repeat-string/stable,now 1.5.4-1 all  [installé, automatique]
node-repeating/stable,now 3.0.0-1 all  [installé, automatique]
node-resolve/stable,now 1.1.7-2 all  [installé, automatique]
node-resolve-dir/stable,now 1.0.0-1 all  [installé, automatique]
node-rimraf/stable,now 2.5.4-2 all  [installé, automatique]
node-semver/stable,now 5.3.0-1 all  [installé, automatique]
node-set-getter/stable,now 0.1.0-1 all  [installé, automatique]
node-set-value/stable,now 0.4.0-1 all  [installé, automatique]
node-signal-exit/stable,now 3.0.1-1 all  [installé, automatique]
node-snapdragon/stable,now 0.8.1-1 all  [installé, automatique]
node-source-map/stable,now 0.5.6+dfsg-1 all  [installé, automatique]
node-spdx-correct/stable,now 1.0.2-1 all  [installé, automatique]
node-spdx-expression-parse/stable,now 1.0.4-1 all  [installé, automatique]
node-spdx-license-ids/stable,now 1.2.2-1 all  [installé, automatique]
node-sprintf-js/stable,now 1.0.3-2 all  [installé, automatique]
node-static-extend/stable,now 0.1.2-1 all  [installé, automatique]
node-strip-ansi/stable,now 3.0.1-1 all  [installé, automatique]
node-strip-bom/stable,now 3.0.0-1 all  [installé, automatique]
node-strip-indent/stable,now 2.0.0-1 all  [installé, automatique]
node-supports-color/stable,now 3.2.3-1 all  [installé, automatique]
node-to-object-path/stable,now 0.3.0-1 all  [installé, automatique]
node-to-regex/stable,now 3.0.1-1 all  [installé, automatique]
node-to-regex-range/stable,now 0.2.0-1 all  [installé, automatique]
node-trim-newlines/stable,now 1.0.0-1 all  [installé, automatique]
node-underscore.string/stable,now 3.3.4+dfsg-2 all  [installé, automatique]
node-union-value/stable,now 0.2.3-1 all  [installé, automatique]
node-unset-value/stable,now 0.1.1-1 all  [installé, automatique]
node-use/stable,now 2.0.0-1 all  [installé, automatique]
node-validate-npm-package-license/stable,now 3.0.1-1 all  [installé, automatique]
node-which/stable,now 1.2.11-1 all  [installé, automatique]
node-wrappy/stable,now 1.0.2-1 all  [installé, automatique]
nodejs/stable,now 8.11.1~dfsg-2~bpo9+1 armhf  [installé, automatique]
nodejs-doc/stable,now 8.11.1~dfsg-2~bpo9+1 all  [installé, automatique]
obconf/stable,now 1:2.0.4+git20150213-2+rpt1 armhf  [installé]
omxplayer/stable,now 20180905+git061425a-1 armhf  [installé]
openbox/stable,now 3.6.1-4+rpi9 armhf  [installé, automatique]
openbox-lxde-session/stable,now 0.99.2-3 all  [installé, automatique]
openresolv/stable,now 3.8.0-1 armhf  [installé, automatique]
openssh-client/stable,now 1:7.4p1-10+deb9u4 armhf  [installé, automatique]
openssh-server/stable,now 1:7.4p1-10+deb9u4 armhf  [installé, automatique]
openssh-sftp-server/stable,now 1:7.4p1-10+deb9u4 armhf  [installé, automatique]
openssl/stable,now 1.1.0j-1~deb9u1 armhf  [installé, automatique]
oracle-java8-jdk/stable,now 8u65 armhf  [installé]
packagekit/stable,now 1.1.5-2+deb9u1 armhf  [installé, automatique]
parted/stable,now 3.2-17 armhf  [installé]
passwd/stable,now 1:4.4-4.1 armhf  [installé]
patch/stable,now 2.7.5-1+deb9u1 armhf  [installé, automatique]
paxctld/stable,now 1.2.1-1 armhf  [installé]
pcmanfm/stable,now 1.2.5-3+rpi5 armhf  [installé, automatique]
perl/stable,now 5.24.1-3+deb9u5 armhf  [installé, automatique]
perl-base/stable,now 5.24.1-3+deb9u5 armhf  [installé]
perl-modules-5.24/stable,now 5.24.1-3+deb9u5 all  [installé, automatique]
php/stable,now 1:7.0+49 all  [installé]
php-common/stable,now 1:49 all  [installé, automatique]
php-xml/stable,now 1:7.0+49 all  [installé]
php7.0/stable,now 7.0.33-0+deb9u1 all  [installé, automatique]
php7.0-cli/stable,now 7.0.33-0+deb9u1 armhf  [installé]
php7.0-common/stable,now 7.0.33-0+deb9u1 armhf  [installé]
php7.0-fpm/stable,now 7.0.33-0+deb9u1 armhf  [installé]
php7.0-json/stable,now 7.0.33-0+deb9u1 armhf  [installé, automatique]
php7.0-opcache/stable,now 7.0.33-0+deb9u1 armhf  [installé, automatique]
php7.0-readline/stable,now 7.0.33-0+deb9u1 armhf  [installé, automatique]
php7.0-soap/stable,now 7.0.33-0+deb9u1 armhf  [installé]
php7.0-xml/stable,now 7.0.33-0+deb9u1 armhf  [installé, automatique]
pi-bluetooth/stable,now 0.1.10 all  [installé]
pi-greeter/stable,now 0.9 armhf  [installé, automatique]
pi-language-support/stable,now 0.1 armhf  [installé, automatique]
pi-package/stable,now 0.5 armhf  [installé]
pi-package-data/stable,now 0.5 all  [installé, automatique]
pi-package-session/stable,now 0.5 armhf  [installé, automatique]
piclone/stable,now 0.11 armhf  [installé]
pigpio/stable,now 1.64-1 armhf  [installé]
pimixer/stable,now 0.20170803~152204 armhf  [installé, automatique]
pinentry-curses/stable,now 1.0.0-2 armhf  [installé]
pipanel/stable,now 20181126~094616 armhf  [installé, automatique]
pishutdown/stable,now 0.9 armhf  [installé, automatique]
piwiz/stable,now 0.2 armhf  [installé]
pkg-config/stable,now 0.29-4 armhf  [installé]
plymouth/stable,now 0.9.2-4+rpi1 armhf  [installé]
plymouth-themes/stable,now 0.9.2-4+rpi1 armhf  [installé, automatique]
point-rpi/stable,now 0.20160905 armhf  [installé, automatique]
policykit-1/stable,now 0.105-18+deb9u1 armhf  [installé]
poppler-data/stable,now 0.4.7-8 all  [installé, automatique]
pprompt/stable,now 0.13 all  [installé]
procps/stable,now 2:3.3.12-3+deb9u1 armhf  [installé]
psmisc/stable,now 22.21-2.1 armhf  [installé]
pypy/stable,now 5.6.0+dfsg-4+rpi1 armhf  [installé]
pypy-lib/stable,now 5.6.0+dfsg-4+rpi1 armhf  [installé, automatique]
python/stable,now 2.7.13-2 armhf  [installé]
python-all/stable,now 2.7.13-2 armhf  [installé, automatique]
python-all-dev/stable,now 2.7.13-2 armhf  [installé, automatique]
python-apt-common/stable,now 1.1.0~beta5 all  [installé, automatique]
python-automationhat/stable,now 0.1.0 all  [installé]
python-blinker/stable,now 1.3.dfsg2-1 all  [installé, automatique]
python-blinkt/stable,now 0.1.2 all  [installé]
python-buttonshim/stable,now 0.0.2 all  [installé]
python-cap1xxx/stable,now 0.1.3 all  [installé]
python-cffi-backend/stable,now 1.9.1-2 armhf  [installé, automatique]
python-chardet/stable,now 2.3.0-2 all  [installé, automatique]
python-click/stable,now 6.6-1 all  [installé, automatique]
python-colorama/stable,now 0.3.7-1 all  [installé, automatique]
python-crypto/stable,now 2.6.1-7 armhf  [installé, automatique]
python-cryptography/stable,now 1.7.1-3+b2 armhf  [installé, automatique]
python-dbus/stable,now 1.2.4-1 armhf  [installé, automatique]
python-dev/stable,now 2.7.13-2 armhf  [installé, automatique]
python-drumhat/stable,now 0.1.0 all  [installé]
python-enum34/stable,now 1.1.6-1 all  [installé, automatique]
python-envirophat/stable,now 1.0.0 all  [installé]
python-explorerhat/stable,now 0.4.2 all  [installé]
python-flask/stable,now 0.12.1-1 all  [installé]
python-fourletterphat/stable,now 0.1.0 all  [installé]
python-gi/stable,now 3.22.0-2 armhf  [installé, automatique]
python-gpiozero/stable,now 1.4.1 all  [installé]
python-idna/stable,now 2.2-1 all  [installé, automatique]
python-ipaddress/stable,now 1.0.17-1 all  [installé, automatique]
python-itsdangerous/stable,now 0.24+dfsg1-2 all  [installé, automatique]
python-jinja2/stable,now 2.8-1 all  [installé, automatique]
python-jwt/stable,now 1.4.2-1+deb9u1 all  [installé, automatique]
python-keyring/stable,now 10.1-1 all  [installé, automatique]
python-keyrings.alt/stable,now 1.3-1 all  [installé, automatique]
python-markupsafe/stable,now 0.23-3 armhf  [installé, automatique]
python-microdotphat/stable,now 0.2.1 all  [installé]
python-minimal/stable,now 2.7.13-2 armhf  [installé, automatique]
python-mote/stable,now 0.0.4 all  [installé]
python-motephat/stable,now 0.0.2 all  [installé]
python-numpy/stable,now 1:1.12.1-3 armhf  [installé, automatique]
python-oauthlib/stable,now 2.0.1-1 all  [installé, automatique]
python-openssl/stable,now 16.2.0-1 all  [installé, automatique]
python-pantilthat/stable,now 0.0.7 all  [installé]
python-phatbeat/stable,now 0.1.1 all  [installé]
python-pianohat/stable,now 0.1.0 all  [installé]
python-picamera/stable,now 1.13 armhf  [installé]
python-picraft/stable,now 1.0 all  [installé]
python-piglow/stable,now 1.2.4 all  [installé]
python-pigpio/stable,now 1.64-1 all  [installé]
python-pil/stable,now 4.0.0-4 armhf  [installé, automatique]
python-pip/stable,now 9.0.1-2+rpt2 all  [installé]
python-pip-whl/stable,now 9.0.1-2+rpt2 all  [installé, automatique]
python-pkg-resources/stable,now 33.1.1-1 all  [installé, automatique]
python-pyasn1/stable,now 0.1.9-2 all  [installé, automatique]
python-pygame/stable,now 1.9.3+dfsg-2 armhf  [installé]
python-pyinotify/stable,now 0.9.6-1 all  [installé, automatique]
python-rainbowhat/stable,now 0.1.0 all  [installé]
python-requests/stable,now 2.12.4-1 all  [installé, automatique]
python-requests-oauthlib/stable,now 0.7.0-0.1 all  [installé, automatique]
python-rpi.gpio/stable,now 0.6.5~stretch-1 armhf  [installé]
python-rtimulib/stable,now 7.2.1-4 armhf  [installé, automatique]
python-scrollphat/stable,now 0.0.7 all  [installé]
python-scrollphathd/stable,now 1.2.1 all  [installé]
python-secretstorage/stable,now 2.3.1-2 all  [installé, automatique]
python-sense-hat/stable,now 2.2.0-1 armhf  [installé, automatique]
python-serial/stable,now 3.2.1-1 all  [installé]
python-setuptools/stable,now 33.1.1-1 all  [installé, automatique]
python-simplejson/stable,now 3.10.0-1 armhf  [installé, automatique]
python-six/stable,now 1.10.0-3 all  [installé, automatique]
python-skywriter/stable,now 0.0.7 all  [installé]
python-smbus/stable,now 3.1.2-3 armhf  [installé]
python-sn3218/stable,now 1.2.7 all  [installé]
python-spidev/stable,now 20170223~145721-1 all  [installé]
python-talloc/stable,now 2.1.8-1 armhf  [installé, automatique]
python-tk/stable,now 2.7.13-1 armhf  [installé]
python-touchphat/stable,now 0.0.1 all  [installé]
python-twython/stable,now 3.4.0-1 all  [installé]
python-unicornhathd/stable,now 0.0.4 all  [installé]
python-urllib3/stable,now 1.19.1-1 all  [installé, automatique]
python-werkzeug/stable,now 0.11.15+dfsg1-1 all  [installé, automatique]
python-wheel/stable,now 0.29.0-2 all  [installé, automatique]
python-xdg/stable,now 0.25-4 all  [installé, automatique]
python2.7/stable,now 2.7.13-2+deb9u3 armhf  [installé, automatique]
python2.7-dev/stable,now 2.7.13-2+deb9u3 armhf  [installé, automatique]
python2.7-minimal/stable,now 2.7.13-2+deb9u3 armhf  [installé, automatique]
python3/stable,now 3.5.3-1 armhf  [installé]
python3-apt/stable,now 1.1.0~beta5 armhf  [installé, automatique]
python3-automationhat/stable,now 0.1.0 all  [installé]
python3-blinker/stable,now 1.3.dfsg2-1 all  [installé, automatique]
python3-blinkt/stable,now 0.1.2 all  [installé]
python3-buttonshim/stable,now 0.0.2 all  [installé]
python3-cap1xxx/stable,now 0.1.3 all  [installé]
python3-cffi-backend/stable,now 1.9.1-2 armhf  [installé, automatique]
python3-chardet/stable,now 2.3.0-2 all  [installé, automatique]
python3-click/stable,now 6.6-1 all  [installé, automatique]
python3-colorama/stable,now 0.3.7-1 all  [installé, automatique]
python3-crypto/stable,now 2.6.1-7 armhf  [installé, automatique]
python3-cryptography/stable,now 1.7.1-3+b2 armhf  [installé, automatique]
python3-dbus/stable,now 1.2.4-1 armhf  [installé, automatique]
python3-dev/stable,now 3.5.3-1 armhf  [installé, automatique]
python3-drumhat/stable,now 0.1.0 all  [installé]
python3-envirophat/stable,now 1.0.0 all  [installé]
python3-explorerhat/stable,now 0.4.2 all  [installé]
python3-flask/stable,now 0.12.1-1 all  [installé]
python3-fourletterphat/stable,now 0.1.0 all  [installé]
python3-gi/stable,now 3.22.0-2 armhf  [installé, automatique]
python3-gpiozero/stable,now 1.4.1 all  [installé]
python3-idna/stable,now 2.2-1 all  [installé, automatique]
python3-itsdangerous/stable,now 0.24+dfsg1-2 all  [installé, automatique]
python3-jinja2/stable,now 2.8-1 all  [installé, automatique]
python3-jwt/stable,now 1.4.2-1+deb9u1 all  [installé, automatique]
python3-keyring/stable,now 10.1-1 all  [installé, automatique]
python3-keyrings.alt/stable,now 1.3-1 all  [installé, automatique]
python3-markupsafe/stable,now 0.23-3 armhf  [installé, automatique]
python3-microdotphat/stable,now 0.2.1 all  [installé]
python3-minimal/stable,now 3.5.3-1 armhf  [installé, automatique]
python3-mote/stable,now 0.0.4 all  [installé]
python3-motephat/stable,now 0.0.2 all  [installé]
python3-numpy/stable,now 1:1.12.1-3 armhf  [installé]
python3-oauthlib/stable,now 2.0.1-1 all  [installé, automatique]
python3-openssl/stable,now 16.2.0-1 all  [installé, automatique]
python3-pantilthat/stable,now 0.0.7 all  [installé]
python3-pgzero/stable,now 1.2.post1-2 all  [installé]
python3-phatbeat/stable,now 0.1.1 all  [installé]
python3-pianohat/stable,now 0.1.0 all  [installé]
python3-picamera/stable,now 1.13 armhf  [installé]
python3-picraft/stable,now 1.0 all  [installé]
python3-piglow/stable,now 1.2.4 all  [installé]
python3-pigpio/stable,now 1.64-1 all  [installé]
python3-pil/stable,now 4.0.0-4 armhf  [installé, automatique]
python3-pip/stable,now 9.0.1-2+rpt2 all  [installé]
python3-pkg-resources/stable,now 33.1.1-1 all  [installé, automatique]
python3-pyasn1/stable,now 0.1.9-2 all  [installé, automatique]
python3-pygame/stable,now 1.9.3+dfsg-2 armhf  [installé]
python3-pyinotify/stable,now 0.9.6-1 all  [installé, automatique]
python3-rainbowhat/stable,now 0.1.0 all  [installé]
python3-requests/stable,now 2.12.4-1 all  [installé, automatique]
python3-requests-oauthlib/stable,now 0.7.0-0.1 all  [installé, automatique]
python3-rpi.gpio/stable,now 0.6.5~stretch-1 armhf  [installé]
python3-rtimulib/stable,now 7.2.1-4 armhf  [installé, automatique]
python3-scrollphat/stable,now 0.0.7 all  [installé]
python3-scrollphathd/stable,now 1.2.1 all  [installé]
python3-secretstorage/stable,now 2.3.1-2 all  [installé, automatique]
python3-sense-hat/stable,now 2.2.0-1 armhf  [installé, automatique]
python3-serial/stable,now 3.2.1-1 all  [installé]
python3-setuptools/stable,now 33.1.1-1 all  [installé, automatique]
python3-simplejson/stable,now 3.10.0-1 armhf  [installé, automatique]
python3-six/stable,now 1.12.0 all  [installé, automatique]
python3-skywriter/stable,now 0.0.7 all  [installé]
python3-smbus/stable,now 3.1.2-3 armhf  [installé]
python3-sn3218/stable,now 1.2.7 all  [installé]
python3-spidev/stable,now 20170223~145721-1 all  [installé]
python3-tk/stable,now 3.5.3-1 armhf  [installé]
python3-touchphat/stable,now 0.0.1 all  [installé]
python3-twython/stable,now 3.4.0-1 all  [installé]
python3-unicornhathd/stable,now 0.0.4 all  [installé]
python3-urllib3/stable,now 1.19.1-1 all  [installé, automatique]
python3-werkzeug/stable,now 0.11.15+dfsg1-1 all  [installé, automatique]
python3-wheel/stable,now 0.29.0-2 all  [installé, automatique]
python3-xdg/stable,now 0.25-4 all  [installé, automatique]
python3.5/stable,now 3.5.3-1+deb9u1 armhf  [installé, automatique]
python3.5-dev/stable,now 3.5.3-1+deb9u1 armhf  [installé, automatique]
python3.5-minimal/stable,now 3.5.3-1+deb9u1 armhf  [installé, automatique]
qpdfview/stable,now 0.4.14-1+rpt1 armhf  [installé]
qpdfview-djvu-plugin/stable,now 0.4.14-1+rpt1 armhf  [installé, automatique]
qpdfview-ps-plugin/stable,now 0.4.14-1+rpt1 armhf  [installé, automatique]
qpdfview-translations/stable,now 0.4.14-1+rpt1 all  [installé, automatique]
qt5-gtk-platformtheme/stable,now 5.7.1+dfsg-3+rpi1+deb9u1 armhf  [installé, automatique]
qt5-style-plugins/stable,now 5.0.0+git16.g7aa4764-1 armhf  [installé, automatique]
qt5ct/stable,now 0.34-1~bpo9+rpt1 armhf  [installé, automatique]
qttranslations5-l10n/stable,now 5.7.1~20161021-1 all  [installé, automatique]
raspberrypi-artwork/stable,now 20150921 all  [installé]
raspberrypi-bootloader/stable,now 1.20181112-1 armhf  [installé]
raspberrypi-kernel/stable,now 1.20181112-1 armhf  [installé]
raspberrypi-net-mods/stable,now 1.2.7 all  [installé]
raspberrypi-sys-mods/stable,now 20181127 armhf  [installé]
raspberrypi-ui-mods/stable,now 1.20181206 all  [installé]
raspbian-archive-keyring/stable,now 20120528.2 all  [installé]
raspi-config/stable,now 20181118 all  [installé]
raspi-copies-and-fills/stable,now 0.6 armhf  [installé]
raspi-gpio/stable,now 0.20171123 armhf  [installé]
rc-gui/stable,now 1.21 armhf  [installé]
read-edid/stable,now 3.0.2-1 armhf  [installé, automatique]
readline-common/stable,now 7.0-3 all  [installé]
realvnc-vnc-server/stable,now 6.4.0.39899 armhf  [installé]
rename/stable,now 0.20-4 all  [installé, automatique]
rfkill/stable,now 0.5-1 armhf  [installé]
rp-prefapps/stable,now 0.5 armhf  [installé]
rpcbind/stable,now 0.2.3-0.6 armhf  [installé, automatique]
rpd-icons/stable,now 0.18 all  [installé, automatique]
rpd-plym-splash/stable,now 0.17 armhf  [installé, automatique]
rpd-wallpaper/stable,now 0.4 all  [installé, automatique]
rpi-chromium-mods/stable,now 20190103 armhf  [installé]
rpi-update/stable,now 20140705 all  [installé]
rsync/stable,now 3.1.2-1+deb9u1 armhf  [installé]
rsyslog/stable,now 8.24.0-1 armhf  [installé]
samba-common/stable,now 2:4.5.12+dfsg-2+deb9u4 all  [installé, automatique]
samba-libs/stable,now 2:4.5.12+dfsg-2+deb9u4 armhf  [installé, automatique]
scrot/stable,now 0.8-18 armhf  [installé, automatique]
sed/stable,now 4.4-1 armhf  [installé]
sense-hat/stable,now 1.2 all  [installé]
sensible-utils/stable,now 0.0.9+deb9u1 all  [installé]
sgml-base/stable,now 1.29 all  [installé, automatique]
shared-mime-info/stable,now 1.8-1+deb9u1 armhf  [installé, automatique]
ssh/stable,now 1:7.4p1-10+deb9u4 all  [installé]
ssh-import-id/stable,now 5.6-1 all  [installé]
ssl-cert/stable,now 1.0.39 all  [installé, automatique]
strace/stable,now 4.15-2 armhf  [installé]
sudo/stable,now 1.8.19p1-2.1 armhf  [installé]
systemd/stable,now 232-25+deb9u8 armhf  [installé]
systemd-sysv/stable,now 232-25+deb9u8 armhf  [installé]
sysvinit-utils/stable,now 2.88dsf-59.9 armhf  [installé]
tar/stable,now 1.29b-1.1 armhf  [installé]
tasksel/stable,now 3.39 all  [installé]
tasksel-data/stable,now 3.39 all  [installé]
tcpd/stable,now 7.6.q-26 armhf  [installé, automatique]
tcpdump/stable,now 4.9.2-1~deb9u1 armhf  [installé]
tcpflow/stable,now 1.4.5+repack1-3 armhf  [installé]
timidity/stable,now 2.13.2-40.5 armhf  [installé]
tk8.6-blt2.5/stable,now 2.5.3+dfsg-3 armhf  [installé, automatique]
traceroute/stable,now 1:2.1.0-2 armhf  [installé]
tree/stable,now 1.7.0-5 armhf  [installé]
triggerhappy/stable,now 0.5.0-1 armhf  [installé, automatique]
tzdata/stable,now 2018i-0+deb9u1 all  [installé]
ucf/stable,now 3.0036 all  [installé, automatique]
udev/stable,now 232-25+deb9u8 armhf  [installé]
udisks2/stable,now 2.1.8-1 armhf  [installé, automatique]
unzip/stable,now 6.0-21 armhf  [installé]
usb-modeswitch/stable,now 2.5.0+repack0-1 armhf  [installé]
usb-modeswitch-data/stable,now 20170120-1 all  [installé, automatique]
usbutils/stable,now 1:007-4 armhf  [installé]
util-linux/stable,now 2.29.2-1+deb9u1 armhf  [installé]
uuid/stable,now 1.6.2-1.5+b3 armhf  [installé, automatique]
v4l-utils/stable,now 1.12.3-1 armhf  [installé]
va-driver-all/stable,now 1.7.3-2 armhf  [installé, automatique]
vdpau-driver-all/stable,now 1.1.1-6 armhf  [installé, automatique]
vim/stable,now 2:8.0.0197-4+deb9u1 armhf  [installé]
vim-common/stable,now 2:8.0.0197-4+deb9u1 all  [installé]
vim-runtime/stable,now 2:8.0.0197-4+deb9u1 all  [installé, automatique]
vim-tiny/stable,now 2:8.0.0197-4+deb9u1 armhf  [installé]
vlc/stable,now 3.0.6-0+rpt1+deb9u1 armhf  [installé]
vlc-bin/stable,now 3.0.6-0+rpt1+deb9u1 armhf  [installé, automatique]
vlc-data/stable,now 3.0.6-0+rpt1+deb9u1 all  [installé, automatique]
vlc-l10n/stable,now 3.0.6-0+rpt1+deb9u1 all  [installé, automatique]
vlc-plugin-base/stable,now 3.0.6-0+rpt1+deb9u1 armhf  [installé, automatique]
vlc-plugin-notify/stable,now 3.0.6-0+rpt1+deb9u1 armhf  [installé, automatique]
vlc-plugin-qt/stable,now 3.0.6-0+rpt1+deb9u1 armhf  [installé, automatique]
vlc-plugin-samba/stable,now 3.0.6-0+rpt1+deb9u1 armhf  [installé, automatique]
vlc-plugin-skins2/stable,now 3.0.6-0+rpt1+deb9u1 armhf  [installé, automatique]
vlc-plugin-video-output/stable,now 3.0.6-0+rpt1+deb9u1 armhf  [installé, automatique]
vlc-plugin-video-splitter/stable,now 3.0.6-0+rpt1+deb9u1 armhf  [installé, automatique]
vlc-plugin-visualization/stable,now 3.0.6-0+rpt1+deb9u1 armhf  [installé, automatique]
wamerican/stable,now 7.1-1 all  [installé]
wbritish/stable,now 7.1-1 all  [installé]
wfrench/stable,now 1.2.3-10.1 all  [installé]
wget/stable,now 1.18-5+deb9u2 armhf  [installé]
whiptail/stable,now 0.52.19-1 armhf  [installé]
wireless-regdb/stable,now 2016.06.10-1 all  [installé, automatique]
wireless-tools/stable,now 30~pre9-12 armhf  [installé]
wireshark-common/stable,now 2.6.5-1~deb9u1 armhf [installé, pouvant être supprimé automatiquement]
wireshark-qt/stable,now 2.6.5-1~deb9u1 armhf [installé, pouvant être supprimé automatiquement]
wiringpi/stable,now 2.46 armhf  [installé]
wpasupplicant/stable,now 2:2.4-1+deb9u2 armhf  [installé]
x11-common/stable,now 1:7.7+19 all  [installé, automatique]
x11-utils/stable,now 7.7+3 armhf  [installé, automatique]
x11-xkb-utils/stable,now 7.7+3 armhf  [installé, automatique]
x11-xserver-utils/stable,now 7.7+7 armhf  [installé, automatique]
xarchiver/stable,now 1:0.5.4-7 armhf  [installé, automatique]
xauth/stable,now 1:1.0.9-1 armhf  [installé, automatique]
xcompmgr/stable,now 1.1.7-1 armhf  [installé]
xdg-user-dirs/stable,now 0.15-2 armhf  [installé, automatique]
xdg-utils/stable,now 1.1.1-1+deb9u1 all  [installé]
xfconf/stable,now 4.12.1-1 armhf  [installé, automatique]
xinit/stable,now 1.3.4-3 armhf  [installé]
xinput/stable,now 1.6.2-1 armhf  [installé, automatique]
xkb-data/stable,now 2.19-1+deb9u1 all  [installé, automatique]
xml-core/stable,now 0.17 all  [installé, automatique]
xserver-common/stable,now 2:1.19.2-1+rpt1+deb9u2 all  [installé, automatique]
xserver-xorg/stable,now 1:7.7+19 armhf  [installé]
xserver-xorg-core/stable,now 2:1.19.2-1+rpt1+deb9u2 armhf  [installé, automatique]
xserver-xorg-input-all/stable,now 1:7.7+19 armhf  [installé, automatique]
xserver-xorg-input-libinput/stable,now 0.23.0-2 armhf  [installé, automatique]
xserver-xorg-video-fbdev/stable,now 1:0.4.4-1+rvt+b1 armhf  [installé]
xserver-xorg-video-fbturbo/stable,now 1.20170324~143242 armhf  [installé]
xxd/stable,now 2:8.0.0197-4+deb9u1 armhf  [installé]
xz-utils/stable,now 5.2.2-1.2 armhf  [installé]
zenity/stable,now 3.28.1-1.1~bpo9+rpt1 armhf  [installé]
zenity-common/stable,now 3.28.1-1.1~bpo9+rpt1 all  [installé, automatique]
zlib1g/stable,now 1:1.2.8.dfsg-5 armhf  [installé]
zlib1g-dev/stable,now 1:1.2.8.dfsg-5 armhf  [installé, automatique]
